[2021-07-02 14:50:20,419] {taskinstance.py:876} INFO - Dependencies all met for <TaskInstance: Fusemachines_Airflow_project.most_projects_category 2021-07-01T00:07:00+00:00 [queued]>
[2021-07-02 14:50:20,439] {taskinstance.py:876} INFO - Dependencies all met for <TaskInstance: Fusemachines_Airflow_project.most_projects_category 2021-07-01T00:07:00+00:00 [queued]>
[2021-07-02 14:50:20,439] {taskinstance.py:1067} INFO - 
--------------------------------------------------------------------------------
[2021-07-02 14:50:20,440] {taskinstance.py:1068} INFO - Starting attempt 2 of 4
[2021-07-02 14:50:20,440] {taskinstance.py:1069} INFO - 
--------------------------------------------------------------------------------
[2021-07-02 14:50:20,563] {taskinstance.py:1087} INFO - Executing <Task(PythonOperator): most_projects_category> on 2021-07-01T00:07:00+00:00
[2021-07-02 14:50:20,566] {standard_task_runner.py:52} INFO - Started process 73480 to run task
[2021-07-02 14:50:20,572] {standard_task_runner.py:76} INFO - Running: ['airflow', 'tasks', 'run', 'Fusemachines_Airflow_project', 'most_projects_category', '2021-07-01T00:07:00+00:00', '--job-id', '143', '--pool', 'default_pool', '--raw', '--subdir', 'DAGS_FOLDER/dag.py', '--cfg-path', '/tmp/tmps2q30lyv', '--error-file', '/tmp/tmp752q9j9v']
[2021-07-02 14:50:20,573] {standard_task_runner.py:77} INFO - Job 143: Subtask most_projects_category
[2021-07-02 14:50:20,734] {logging_mixin.py:104} INFO - Running <TaskInstance: Fusemachines_Airflow_project.most_projects_category 2021-07-01T00:07:00+00:00 [running]> on host deepika-Inspiron-5570
[2021-07-02 14:50:21,415] {taskinstance.py:1280} INFO - Exporting the following env vars:
AIRFLOW_CTX_DAG_EMAIL=sthadpka93@gmail.com
AIRFLOW_CTX_DAG_OWNER=postgres
AIRFLOW_CTX_DAG_ID=Fusemachines_Airflow_project
AIRFLOW_CTX_TASK_ID=most_projects_category
AIRFLOW_CTX_EXECUTION_DATE=2021-07-01T00:07:00+00:00
AIRFLOW_CTX_DAG_RUN_ID=scheduled__2021-07-01T00:07:00+00:00
[2021-07-02 14:50:34,269] {python.py:151} INFO - Done. Returned value was: None
[2021-07-02 14:50:34,274] {taskinstance.py:1184} INFO - Marking task as SUCCESS. dag_id=Fusemachines_Airflow_project, task_id=most_projects_category, execution_date=20210701T000700, start_date=20210702T090520, end_date=20210702T090534
[2021-07-02 14:50:34,481] {taskinstance.py:1245} INFO - 1 downstream tasks scheduled from follow-on schedule check
[2021-07-02 14:50:34,518] {local_task_job.py:151} INFO - Task exited with return code 0
