[2021-07-02 13:37:44,568] {taskinstance.py:876} INFO - Dependencies all met for <TaskInstance: Fusemachines_Airflow_project.sucessful_zero_backers 2021-07-01T00:04:00+00:00 [queued]>
[2021-07-02 13:37:46,121] {taskinstance.py:876} INFO - Dependencies all met for <TaskInstance: Fusemachines_Airflow_project.sucessful_zero_backers 2021-07-01T00:04:00+00:00 [queued]>
[2021-07-02 13:37:46,121] {taskinstance.py:1067} INFO - 
--------------------------------------------------------------------------------
[2021-07-02 13:37:46,121] {taskinstance.py:1068} INFO - Starting attempt 1 of 4
[2021-07-02 13:37:46,121] {taskinstance.py:1069} INFO - 
--------------------------------------------------------------------------------
[2021-07-02 13:37:46,208] {taskinstance.py:1087} INFO - Executing <Task(PythonOperator): sucessful_zero_backers> on 2021-07-01T00:04:00+00:00
[2021-07-02 13:37:46,214] {standard_task_runner.py:52} INFO - Started process 27269 to run task
[2021-07-02 13:37:46,229] {standard_task_runner.py:76} INFO - Running: ['airflow', 'tasks', 'run', 'Fusemachines_Airflow_project', 'sucessful_zero_backers', '2021-07-01T00:04:00+00:00', '--job-id', '40', '--pool', 'default_pool', '--raw', '--subdir', 'DAGS_FOLDER/dag.py', '--cfg-path', '/tmp/tmpicg5zna8', '--error-file', '/tmp/tmp8ga5htah']
[2021-07-02 13:37:46,231] {standard_task_runner.py:77} INFO - Job 40: Subtask sucessful_zero_backers
[2021-07-02 13:37:46,569] {logging_mixin.py:104} INFO - Running <TaskInstance: Fusemachines_Airflow_project.sucessful_zero_backers 2021-07-01T00:04:00+00:00 [running]> on host deepika-Inspiron-5570
[2021-07-02 13:37:46,941] {taskinstance.py:1280} INFO - Exporting the following env vars:
AIRFLOW_CTX_DAG_EMAIL=sthadpka93@gmail.com
AIRFLOW_CTX_DAG_OWNER=postgres
AIRFLOW_CTX_DAG_ID=Fusemachines_Airflow_project
AIRFLOW_CTX_TASK_ID=sucessful_zero_backers
AIRFLOW_CTX_EXECUTION_DATE=2021-07-01T00:04:00+00:00
AIRFLOW_CTX_DAG_RUN_ID=scheduled__2021-07-01T00:04:00+00:00
[2021-07-02 13:37:49,131] {python.py:151} INFO - Done. Returned value was: None
[2021-07-02 13:37:49,135] {taskinstance.py:1184} INFO - Marking task as SUCCESS. dag_id=Fusemachines_Airflow_project, task_id=sucessful_zero_backers, execution_date=20210701T000400, start_date=20210702T075244, end_date=20210702T075249
[2021-07-02 13:37:49,231] {taskinstance.py:1245} INFO - 0 downstream tasks scheduled from follow-on schedule check
[2021-07-02 13:37:49,257] {local_task_job.py:151} INFO - Task exited with return code 0
