[2021-07-02 13:55:04,117] {taskinstance.py:876} INFO - Dependencies all met for <TaskInstance: Fusemachines_Airflow_project.projects_highest_goal 2021-07-01T00:04:00+00:00 [queued]>
[2021-07-02 13:55:04,131] {taskinstance.py:876} INFO - Dependencies all met for <TaskInstance: Fusemachines_Airflow_project.projects_highest_goal 2021-07-01T00:04:00+00:00 [queued]>
[2021-07-02 13:55:04,131] {taskinstance.py:1067} INFO - 
--------------------------------------------------------------------------------
[2021-07-02 13:55:04,131] {taskinstance.py:1068} INFO - Starting attempt 1 of 4
[2021-07-02 13:55:04,131] {taskinstance.py:1069} INFO - 
--------------------------------------------------------------------------------
[2021-07-02 13:55:04,209] {taskinstance.py:1087} INFO - Executing <Task(PythonOperator): projects_highest_goal> on 2021-07-01T00:04:00+00:00
[2021-07-02 13:55:04,213] {standard_task_runner.py:52} INFO - Started process 35430 to run task
[2021-07-02 13:55:04,224] {standard_task_runner.py:76} INFO - Running: ['airflow', 'tasks', 'run', 'Fusemachines_Airflow_project', 'projects_highest_goal', '2021-07-01T00:04:00+00:00', '--job-id', '49', '--pool', 'default_pool', '--raw', '--subdir', 'DAGS_FOLDER/dag.py', '--cfg-path', '/tmp/tmp3gu5ul89', '--error-file', '/tmp/tmpe_pwj0ii']
[2021-07-02 13:55:04,226] {standard_task_runner.py:77} INFO - Job 49: Subtask projects_highest_goal
[2021-07-02 13:55:05,031] {logging_mixin.py:104} INFO - Running <TaskInstance: Fusemachines_Airflow_project.projects_highest_goal 2021-07-01T00:04:00+00:00 [running]> on host deepika-Inspiron-5570
[2021-07-02 13:55:05,587] {taskinstance.py:1280} INFO - Exporting the following env vars:
AIRFLOW_CTX_DAG_EMAIL=sthadpka93@gmail.com
AIRFLOW_CTX_DAG_OWNER=postgres
AIRFLOW_CTX_DAG_ID=Fusemachines_Airflow_project
AIRFLOW_CTX_TASK_ID=projects_highest_goal
AIRFLOW_CTX_EXECUTION_DATE=2021-07-01T00:04:00+00:00
AIRFLOW_CTX_DAG_RUN_ID=scheduled__2021-07-01T00:04:00+00:00
[2021-07-02 13:55:15,476] {python.py:151} INFO - Done. Returned value was: None
[2021-07-02 13:55:15,480] {taskinstance.py:1184} INFO - Marking task as SUCCESS. dag_id=Fusemachines_Airflow_project, task_id=projects_highest_goal, execution_date=20210701T000400, start_date=20210702T081004, end_date=20210702T081015
[2021-07-02 13:55:15,590] {taskinstance.py:1245} INFO - 0 downstream tasks scheduled from follow-on schedule check
[2021-07-02 13:55:15,635] {local_task_job.py:151} INFO - Task exited with return code 0
