[2021-07-02 14:22:46,178] {taskinstance.py:876} INFO - Dependencies all met for <TaskInstance: Fusemachines_Airflow_project.projects_highest_goal 2021-07-01T00:05:00+00:00 [queued]>
[2021-07-02 14:22:46,299] {taskinstance.py:876} INFO - Dependencies all met for <TaskInstance: Fusemachines_Airflow_project.projects_highest_goal 2021-07-01T00:05:00+00:00 [queued]>
[2021-07-02 14:22:46,299] {taskinstance.py:1067} INFO - 
--------------------------------------------------------------------------------
[2021-07-02 14:22:46,299] {taskinstance.py:1068} INFO - Starting attempt 1 of 4
[2021-07-02 14:22:46,300] {taskinstance.py:1069} INFO - 
--------------------------------------------------------------------------------
[2021-07-02 14:22:46,389] {taskinstance.py:1087} INFO - Executing <Task(PythonOperator): projects_highest_goal> on 2021-07-01T00:05:00+00:00
[2021-07-02 14:22:46,392] {standard_task_runner.py:52} INFO - Started process 42701 to run task
[2021-07-02 14:22:46,402] {standard_task_runner.py:76} INFO - Running: ['airflow', 'tasks', 'run', 'Fusemachines_Airflow_project', 'projects_highest_goal', '2021-07-01T00:05:00+00:00', '--job-id', '52', '--pool', 'default_pool', '--raw', '--subdir', 'DAGS_FOLDER/dag.py', '--cfg-path', '/tmp/tmpg65f434a', '--error-file', '/tmp/tmpi0bphn9n']
[2021-07-02 14:22:46,404] {standard_task_runner.py:77} INFO - Job 52: Subtask projects_highest_goal
[2021-07-02 14:22:46,565] {logging_mixin.py:104} INFO - Running <TaskInstance: Fusemachines_Airflow_project.projects_highest_goal 2021-07-01T00:05:00+00:00 [running]> on host deepika-Inspiron-5570
[2021-07-02 14:22:46,821] {taskinstance.py:1280} INFO - Exporting the following env vars:
AIRFLOW_CTX_DAG_EMAIL=sthadpka93@gmail.com
AIRFLOW_CTX_DAG_OWNER=postgres
AIRFLOW_CTX_DAG_ID=Fusemachines_Airflow_project
AIRFLOW_CTX_TASK_ID=projects_highest_goal
AIRFLOW_CTX_EXECUTION_DATE=2021-07-01T00:05:00+00:00
AIRFLOW_CTX_DAG_RUN_ID=scheduled__2021-07-01T00:05:00+00:00
[2021-07-02 14:22:59,064] {python.py:151} INFO - Done. Returned value was: None
[2021-07-02 14:22:59,069] {taskinstance.py:1184} INFO - Marking task as SUCCESS. dag_id=Fusemachines_Airflow_project, task_id=projects_highest_goal, execution_date=20210701T000500, start_date=20210702T083746, end_date=20210702T083759
[2021-07-02 14:22:59,195] {taskinstance.py:1245} INFO - 0 downstream tasks scheduled from follow-on schedule check
[2021-07-02 14:22:59,222] {local_task_job.py:151} INFO - Task exited with return code 0
