[2021-07-02 14:36:31,264] {taskinstance.py:876} INFO - Dependencies all met for <TaskInstance: Fusemachines_Airflow_project.prevalent_projects 2021-07-01T00:02:00+00:00 [queued]>
[2021-07-02 14:36:31,274] {taskinstance.py:876} INFO - Dependencies all met for <TaskInstance: Fusemachines_Airflow_project.prevalent_projects 2021-07-01T00:02:00+00:00 [queued]>
[2021-07-02 14:36:31,274] {taskinstance.py:1067} INFO - 
--------------------------------------------------------------------------------
[2021-07-02 14:36:31,274] {taskinstance.py:1068} INFO - Starting attempt 1 of 4
[2021-07-02 14:36:31,274] {taskinstance.py:1069} INFO - 
--------------------------------------------------------------------------------
[2021-07-02 14:36:31,360] {taskinstance.py:1087} INFO - Executing <Task(PythonOperator): prevalent_projects> on 2021-07-01T00:02:00+00:00
[2021-07-02 14:36:31,365] {standard_task_runner.py:52} INFO - Started process 57925 to run task
[2021-07-02 14:36:31,375] {standard_task_runner.py:76} INFO - Running: ['airflow', 'tasks', 'run', 'Fusemachines_Airflow_project', 'prevalent_projects', '2021-07-01T00:02:00+00:00', '--job-id', '99', '--pool', 'default_pool', '--raw', '--subdir', 'DAGS_FOLDER/dag.py', '--cfg-path', '/tmp/tmpnl97ps_e', '--error-file', '/tmp/tmpb2jp6nqo']
[2021-07-02 14:36:31,376] {standard_task_runner.py:77} INFO - Job 99: Subtask prevalent_projects
[2021-07-02 14:36:31,560] {logging_mixin.py:104} INFO - Running <TaskInstance: Fusemachines_Airflow_project.prevalent_projects 2021-07-01T00:02:00+00:00 [running]> on host deepika-Inspiron-5570
[2021-07-02 14:36:32,647] {taskinstance.py:1280} INFO - Exporting the following env vars:
AIRFLOW_CTX_DAG_EMAIL=sthadpka93@gmail.com
AIRFLOW_CTX_DAG_OWNER=postgres
AIRFLOW_CTX_DAG_ID=Fusemachines_Airflow_project
AIRFLOW_CTX_TASK_ID=prevalent_projects
AIRFLOW_CTX_EXECUTION_DATE=2021-07-01T00:02:00+00:00
AIRFLOW_CTX_DAG_RUN_ID=scheduled__2021-07-01T00:02:00+00:00
[2021-07-02 14:36:44,017] {python.py:151} INFO - Done. Returned value was: None
[2021-07-02 14:36:44,023] {taskinstance.py:1184} INFO - Marking task as SUCCESS. dag_id=Fusemachines_Airflow_project, task_id=prevalent_projects, execution_date=20210701T000200, start_date=20210702T085131, end_date=20210702T085144
[2021-07-02 14:36:44,775] {taskinstance.py:1245} INFO - 0 downstream tasks scheduled from follow-on schedule check
[2021-07-02 14:36:44,818] {local_task_job.py:151} INFO - Task exited with return code 0
