[2021-07-02 14:25:16,336] {taskinstance.py:876} INFO - Dependencies all met for <TaskInstance: Fusemachines_Airflow_project.sucessful_zero_backers 2021-07-01T00:09:00+00:00 [queued]>
[2021-07-02 14:25:16,356] {taskinstance.py:876} INFO - Dependencies all met for <TaskInstance: Fusemachines_Airflow_project.sucessful_zero_backers 2021-07-01T00:09:00+00:00 [queued]>
[2021-07-02 14:25:16,356] {taskinstance.py:1067} INFO - 
--------------------------------------------------------------------------------
[2021-07-02 14:25:16,356] {taskinstance.py:1068} INFO - Starting attempt 1 of 4
[2021-07-02 14:25:16,357] {taskinstance.py:1069} INFO - 
--------------------------------------------------------------------------------
[2021-07-02 14:25:16,446] {taskinstance.py:1087} INFO - Executing <Task(PythonOperator): sucessful_zero_backers> on 2021-07-01T00:09:00+00:00
[2021-07-02 14:25:16,450] {standard_task_runner.py:52} INFO - Started process 45293 to run task
[2021-07-02 14:25:16,462] {standard_task_runner.py:76} INFO - Running: ['airflow', 'tasks', 'run', 'Fusemachines_Airflow_project', 'sucessful_zero_backers', '2021-07-01T00:09:00+00:00', '--job-id', '59', '--pool', 'default_pool', '--raw', '--subdir', 'DAGS_FOLDER/dag.py', '--cfg-path', '/tmp/tmp2jl3snwp', '--error-file', '/tmp/tmp5h79asfb']
[2021-07-02 14:25:16,463] {standard_task_runner.py:77} INFO - Job 59: Subtask sucessful_zero_backers
[2021-07-02 14:25:16,637] {logging_mixin.py:104} INFO - Running <TaskInstance: Fusemachines_Airflow_project.sucessful_zero_backers 2021-07-01T00:09:00+00:00 [running]> on host deepika-Inspiron-5570
[2021-07-02 14:25:16,857] {taskinstance.py:1280} INFO - Exporting the following env vars:
AIRFLOW_CTX_DAG_EMAIL=sthadpka93@gmail.com
AIRFLOW_CTX_DAG_OWNER=postgres
AIRFLOW_CTX_DAG_ID=Fusemachines_Airflow_project
AIRFLOW_CTX_TASK_ID=sucessful_zero_backers
AIRFLOW_CTX_EXECUTION_DATE=2021-07-01T00:09:00+00:00
AIRFLOW_CTX_DAG_RUN_ID=scheduled__2021-07-01T00:09:00+00:00
[2021-07-02 14:25:19,315] {python.py:151} INFO - Done. Returned value was: None
[2021-07-02 14:25:19,318] {taskinstance.py:1184} INFO - Marking task as SUCCESS. dag_id=Fusemachines_Airflow_project, task_id=sucessful_zero_backers, execution_date=20210701T000900, start_date=20210702T084016, end_date=20210702T084019
[2021-07-02 14:25:19,410] {taskinstance.py:1245} INFO - 0 downstream tasks scheduled from follow-on schedule check
[2021-07-02 14:25:19,449] {local_task_job.py:151} INFO - Task exited with return code 0
