[2021-07-02 14:48:44,854] {taskinstance.py:876} INFO - Dependencies all met for <TaskInstance: Fusemachines_Airflow_project.prevalent_projects 2021-07-01T00:06:00+00:00 [queued]>
[2021-07-02 14:48:44,871] {taskinstance.py:876} INFO - Dependencies all met for <TaskInstance: Fusemachines_Airflow_project.prevalent_projects 2021-07-01T00:06:00+00:00 [queued]>
[2021-07-02 14:48:44,872] {taskinstance.py:1067} INFO - 
--------------------------------------------------------------------------------
[2021-07-02 14:48:44,872] {taskinstance.py:1068} INFO - Starting attempt 1 of 4
[2021-07-02 14:48:44,872] {taskinstance.py:1069} INFO - 
--------------------------------------------------------------------------------
[2021-07-02 14:48:44,953] {taskinstance.py:1087} INFO - Executing <Task(PythonOperator): prevalent_projects> on 2021-07-01T00:06:00+00:00
[2021-07-02 14:48:44,958] {standard_task_runner.py:52} INFO - Started process 71470 to run task
[2021-07-02 14:48:44,968] {standard_task_runner.py:76} INFO - Running: ['airflow', 'tasks', 'run', 'Fusemachines_Airflow_project', 'prevalent_projects', '2021-07-01T00:06:00+00:00', '--job-id', '138', '--pool', 'default_pool', '--raw', '--subdir', 'DAGS_FOLDER/dag.py', '--cfg-path', '/tmp/tmp15huooec', '--error-file', '/tmp/tmpxb9undpz']
[2021-07-02 14:48:44,969] {standard_task_runner.py:77} INFO - Job 138: Subtask prevalent_projects
[2021-07-02 14:48:45,099] {logging_mixin.py:104} INFO - Running <TaskInstance: Fusemachines_Airflow_project.prevalent_projects 2021-07-01T00:06:00+00:00 [running]> on host deepika-Inspiron-5570
[2021-07-02 14:48:46,214] {taskinstance.py:1280} INFO - Exporting the following env vars:
AIRFLOW_CTX_DAG_EMAIL=sthadpka93@gmail.com
AIRFLOW_CTX_DAG_OWNER=postgres
AIRFLOW_CTX_DAG_ID=Fusemachines_Airflow_project
AIRFLOW_CTX_TASK_ID=prevalent_projects
AIRFLOW_CTX_EXECUTION_DATE=2021-07-01T00:06:00+00:00
AIRFLOW_CTX_DAG_RUN_ID=scheduled__2021-07-01T00:06:00+00:00
[2021-07-02 14:48:58,479] {python.py:151} INFO - Done. Returned value was: None
[2021-07-02 14:48:58,485] {taskinstance.py:1184} INFO - Marking task as SUCCESS. dag_id=Fusemachines_Airflow_project, task_id=prevalent_projects, execution_date=20210701T000600, start_date=20210702T090344, end_date=20210702T090358
[2021-07-02 14:48:58,578] {taskinstance.py:1245} INFO - 0 downstream tasks scheduled from follow-on schedule check
[2021-07-02 14:48:58,584] {local_task_job.py:151} INFO - Task exited with return code 0
