[2021-07-02 14:47:36,320] {taskinstance.py:876} INFO - Dependencies all met for <TaskInstance: Fusemachines_Airflow_project.most_projects_category 2021-07-01T00:10:00+00:00 [queued]>
[2021-07-02 14:47:36,329] {taskinstance.py:876} INFO - Dependencies all met for <TaskInstance: Fusemachines_Airflow_project.most_projects_category 2021-07-01T00:10:00+00:00 [queued]>
[2021-07-02 14:47:36,329] {taskinstance.py:1067} INFO - 
--------------------------------------------------------------------------------
[2021-07-02 14:47:36,330] {taskinstance.py:1068} INFO - Starting attempt 1 of 4
[2021-07-02 14:47:36,330] {taskinstance.py:1069} INFO - 
--------------------------------------------------------------------------------
[2021-07-02 14:47:36,958] {taskinstance.py:1087} INFO - Executing <Task(PythonOperator): most_projects_category> on 2021-07-01T00:10:00+00:00
[2021-07-02 14:47:36,960] {standard_task_runner.py:52} INFO - Started process 69956 to run task
[2021-07-02 14:47:36,965] {standard_task_runner.py:76} INFO - Running: ['airflow', 'tasks', 'run', 'Fusemachines_Airflow_project', 'most_projects_category', '2021-07-01T00:10:00+00:00', '--job-id', '133', '--pool', 'default_pool', '--raw', '--subdir', 'DAGS_FOLDER/dag.py', '--cfg-path', '/tmp/tmpfcmw_kop', '--error-file', '/tmp/tmp4rzp949v']
[2021-07-02 14:47:36,966] {standard_task_runner.py:77} INFO - Job 133: Subtask most_projects_category
[2021-07-02 14:47:37,427] {logging_mixin.py:104} INFO - Running <TaskInstance: Fusemachines_Airflow_project.most_projects_category 2021-07-01T00:10:00+00:00 [running]> on host deepika-Inspiron-5570
[2021-07-02 14:47:37,692] {taskinstance.py:1280} INFO - Exporting the following env vars:
AIRFLOW_CTX_DAG_EMAIL=sthadpka93@gmail.com
AIRFLOW_CTX_DAG_OWNER=postgres
AIRFLOW_CTX_DAG_ID=Fusemachines_Airflow_project
AIRFLOW_CTX_TASK_ID=most_projects_category
AIRFLOW_CTX_EXECUTION_DATE=2021-07-01T00:10:00+00:00
AIRFLOW_CTX_DAG_RUN_ID=scheduled__2021-07-01T00:10:00+00:00
[2021-07-02 14:47:56,251] {python.py:151} INFO - Done. Returned value was: None
[2021-07-02 14:47:56,258] {taskinstance.py:1184} INFO - Marking task as SUCCESS. dag_id=Fusemachines_Airflow_project, task_id=most_projects_category, execution_date=20210701T001000, start_date=20210702T090236, end_date=20210702T090256
[2021-07-02 14:47:56,468] {taskinstance.py:1245} INFO - 1 downstream tasks scheduled from follow-on schedule check
[2021-07-02 14:47:56,475] {local_task_job.py:151} INFO - Task exited with return code 0
