[2021-07-02 14:32:21,759] {taskinstance.py:876} INFO - Dependencies all met for <TaskInstance: Fusemachines_Airflow_project.sucessful_zero_backers 2021-07-01T00:13:00+00:00 [queued]>
[2021-07-02 14:32:21,775] {taskinstance.py:876} INFO - Dependencies all met for <TaskInstance: Fusemachines_Airflow_project.sucessful_zero_backers 2021-07-01T00:13:00+00:00 [queued]>
[2021-07-02 14:32:21,775] {taskinstance.py:1067} INFO - 
--------------------------------------------------------------------------------
[2021-07-02 14:32:21,775] {taskinstance.py:1068} INFO - Starting attempt 1 of 4
[2021-07-02 14:32:21,775] {taskinstance.py:1069} INFO - 
--------------------------------------------------------------------------------
[2021-07-02 14:32:21,877] {taskinstance.py:1087} INFO - Executing <Task(PythonOperator): sucessful_zero_backers> on 2021-07-01T00:13:00+00:00
[2021-07-02 14:32:21,880] {standard_task_runner.py:52} INFO - Started process 52365 to run task
[2021-07-02 14:32:21,886] {standard_task_runner.py:76} INFO - Running: ['airflow', 'tasks', 'run', 'Fusemachines_Airflow_project', 'sucessful_zero_backers', '2021-07-01T00:13:00+00:00', '--job-id', '81', '--pool', 'default_pool', '--raw', '--subdir', 'DAGS_FOLDER/dag.py', '--cfg-path', '/tmp/tmp3c0zkzku', '--error-file', '/tmp/tmpql01t63z']
[2021-07-02 14:32:21,887] {standard_task_runner.py:77} INFO - Job 81: Subtask sucessful_zero_backers
[2021-07-02 14:32:22,016] {logging_mixin.py:104} INFO - Running <TaskInstance: Fusemachines_Airflow_project.sucessful_zero_backers 2021-07-01T00:13:00+00:00 [running]> on host deepika-Inspiron-5570
[2021-07-02 14:32:22,764] {taskinstance.py:1280} INFO - Exporting the following env vars:
AIRFLOW_CTX_DAG_EMAIL=sthadpka93@gmail.com
AIRFLOW_CTX_DAG_OWNER=postgres
AIRFLOW_CTX_DAG_ID=Fusemachines_Airflow_project
AIRFLOW_CTX_TASK_ID=sucessful_zero_backers
AIRFLOW_CTX_EXECUTION_DATE=2021-07-01T00:13:00+00:00
AIRFLOW_CTX_DAG_RUN_ID=scheduled__2021-07-01T00:13:00+00:00
[2021-07-02 14:32:27,033] {python.py:151} INFO - Done. Returned value was: None
[2021-07-02 14:32:27,675] {taskinstance.py:1184} INFO - Marking task as SUCCESS. dag_id=Fusemachines_Airflow_project, task_id=sucessful_zero_backers, execution_date=20210701T001300, start_date=20210702T084721, end_date=20210702T084727
[2021-07-02 14:32:28,255] {taskinstance.py:1245} INFO - 0 downstream tasks scheduled from follow-on schedule check
[2021-07-02 14:32:28,288] {local_task_job.py:151} INFO - Task exited with return code 0
