[2021-07-02 14:49:41,855] {taskinstance.py:876} INFO - Dependencies all met for <TaskInstance: Fusemachines_Airflow_project.reached_goals 2021-07-01T00:15:00+00:00 [queued]>
[2021-07-02 14:49:41,869] {taskinstance.py:876} INFO - Dependencies all met for <TaskInstance: Fusemachines_Airflow_project.reached_goals 2021-07-01T00:15:00+00:00 [queued]>
[2021-07-02 14:49:41,870] {taskinstance.py:1067} INFO - 
--------------------------------------------------------------------------------
[2021-07-02 14:49:41,870] {taskinstance.py:1068} INFO - Starting attempt 1 of 4
[2021-07-02 14:49:41,870] {taskinstance.py:1069} INFO - 
--------------------------------------------------------------------------------
[2021-07-02 14:49:42,598] {taskinstance.py:1087} INFO - Executing <Task(PythonOperator): reached_goals> on 2021-07-01T00:15:00+00:00
[2021-07-02 14:49:42,603] {standard_task_runner.py:52} INFO - Started process 72659 to run task
[2021-07-02 14:49:42,619] {standard_task_runner.py:76} INFO - Running: ['airflow', 'tasks', 'run', 'Fusemachines_Airflow_project', 'reached_goals', '2021-07-01T00:15:00+00:00', '--job-id', '140', '--pool', 'default_pool', '--raw', '--subdir', 'DAGS_FOLDER/dag.py', '--cfg-path', '/tmp/tmptvmndte2', '--error-file', '/tmp/tmp5lw5bucr']
[2021-07-02 14:49:42,622] {standard_task_runner.py:77} INFO - Job 140: Subtask reached_goals
[2021-07-02 14:49:42,825] {logging_mixin.py:104} INFO - Running <TaskInstance: Fusemachines_Airflow_project.reached_goals 2021-07-01T00:15:00+00:00 [running]> on host deepika-Inspiron-5570
[2021-07-02 14:49:43,051] {taskinstance.py:1280} INFO - Exporting the following env vars:
AIRFLOW_CTX_DAG_EMAIL=sthadpka93@gmail.com
AIRFLOW_CTX_DAG_OWNER=postgres
AIRFLOW_CTX_DAG_ID=Fusemachines_Airflow_project
AIRFLOW_CTX_TASK_ID=reached_goals
AIRFLOW_CTX_EXECUTION_DATE=2021-07-01T00:15:00+00:00
AIRFLOW_CTX_DAG_RUN_ID=scheduled__2021-07-01T00:15:00+00:00
[2021-07-02 14:49:51,845] {python.py:151} INFO - Done. Returned value was: None
[2021-07-02 14:49:51,853] {taskinstance.py:1184} INFO - Marking task as SUCCESS. dag_id=Fusemachines_Airflow_project, task_id=reached_goals, execution_date=20210701T001500, start_date=20210702T090441, end_date=20210702T090451
[2021-07-02 14:49:52,084] {taskinstance.py:1245} INFO - 1 downstream tasks scheduled from follow-on schedule check
[2021-07-02 14:49:52,120] {local_task_job.py:151} INFO - Task exited with return code 0
