[2021-07-02 14:57:08,320] {taskinstance.py:876} INFO - Dependencies all met for <TaskInstance: Fusemachines_Airflow_project.denormalize 2021-07-01T00:00:00+00:00 [queued]>
[2021-07-02 14:57:08,330] {taskinstance.py:876} INFO - Dependencies all met for <TaskInstance: Fusemachines_Airflow_project.denormalize 2021-07-01T00:00:00+00:00 [queued]>
[2021-07-02 14:57:08,331] {taskinstance.py:1067} INFO - 
--------------------------------------------------------------------------------
[2021-07-02 14:57:08,331] {taskinstance.py:1068} INFO - Starting attempt 1 of 4
[2021-07-02 14:57:08,331] {taskinstance.py:1069} INFO - 
--------------------------------------------------------------------------------
[2021-07-02 14:57:08,417] {taskinstance.py:1087} INFO - Executing <Task(PythonOperator): denormalize> on 2021-07-01T00:00:00+00:00
[2021-07-02 14:57:08,419] {standard_task_runner.py:52} INFO - Started process 83069 to run task
[2021-07-02 14:57:08,423] {standard_task_runner.py:76} INFO - Running: ['airflow', 'tasks', 'run', 'Fusemachines_Airflow_project', 'denormalize', '2021-07-01T00:00:00+00:00', '--job-id', '171', '--pool', 'default_pool', '--raw', '--subdir', 'DAGS_FOLDER/dag.py', '--cfg-path', '/tmp/tmperp2jkds', '--error-file', '/tmp/tmp_nv5pkjn']
[2021-07-02 14:57:08,423] {standard_task_runner.py:77} INFO - Job 171: Subtask denormalize
[2021-07-02 14:57:08,538] {logging_mixin.py:104} INFO - Running <TaskInstance: Fusemachines_Airflow_project.denormalize 2021-07-01T00:00:00+00:00 [running]> on host deepika-Inspiron-5570
[2021-07-02 14:57:09,597] {taskinstance.py:1280} INFO - Exporting the following env vars:
AIRFLOW_CTX_DAG_EMAIL=sthadpka93@gmail.com
AIRFLOW_CTX_DAG_OWNER=postgres
AIRFLOW_CTX_DAG_ID=Fusemachines_Airflow_project
AIRFLOW_CTX_TASK_ID=denormalize
AIRFLOW_CTX_EXECUTION_DATE=2021-07-01T00:00:00+00:00
AIRFLOW_CTX_DAG_RUN_ID=scheduled__2021-07-01T00:00:00+00:00
[2021-07-02 14:57:25,958] {python.py:151} INFO - Done. Returned value was: None
[2021-07-02 14:57:25,964] {taskinstance.py:1184} INFO - Marking task as SUCCESS. dag_id=Fusemachines_Airflow_project, task_id=denormalize, execution_date=20210701T000000, start_date=20210702T091208, end_date=20210702T091225
[2021-07-02 14:57:26,077] {taskinstance.py:1245} INFO - 0 downstream tasks scheduled from follow-on schedule check
[2021-07-02 14:57:26,107] {local_task_job.py:151} INFO - Task exited with return code 0
