[2021-07-02 14:31:30,913] {taskinstance.py:866} INFO - Dependencies not met for <TaskInstance: Fusemachines_Airflow_project.prevalent_projects 2021-07-01T00:00:00+00:00 [up_for_retry]>, dependency 'Not In Retry Period' FAILED: Task is not ready for retry yet but will be retried automatically. Current date is 2021-07-02T08:46:30.913171+00:00 and task will be retried at 2021-07-02T08:50:13.684237+00:00.
[2021-07-02 14:31:30,914] {local_task_job.py:98} INFO - Task is not able to be run
[2021-07-02 14:35:28,216] {taskinstance.py:876} INFO - Dependencies all met for <TaskInstance: Fusemachines_Airflow_project.prevalent_projects 2021-07-01T00:00:00+00:00 [queued]>
[2021-07-02 14:35:28,224] {taskinstance.py:876} INFO - Dependencies all met for <TaskInstance: Fusemachines_Airflow_project.prevalent_projects 2021-07-01T00:00:00+00:00 [queued]>
[2021-07-02 14:35:28,224] {taskinstance.py:1067} INFO - 
--------------------------------------------------------------------------------
[2021-07-02 14:35:28,224] {taskinstance.py:1068} INFO - Starting attempt 2 of 4
[2021-07-02 14:35:28,224] {taskinstance.py:1069} INFO - 
--------------------------------------------------------------------------------
[2021-07-02 14:35:28,301] {taskinstance.py:1087} INFO - Executing <Task(PythonOperator): prevalent_projects> on 2021-07-01T00:00:00+00:00
[2021-07-02 14:35:28,307] {standard_task_runner.py:52} INFO - Started process 56784 to run task
[2021-07-02 14:35:28,319] {standard_task_runner.py:76} INFO - Running: ['airflow', 'tasks', 'run', 'Fusemachines_Airflow_project', 'prevalent_projects', '2021-07-01T00:00:00+00:00', '--job-id', '96', '--pool', 'default_pool', '--raw', '--subdir', 'DAGS_FOLDER/dag.py', '--cfg-path', '/tmp/tmpymxgx6ro', '--error-file', '/tmp/tmpv3sfztxn']
[2021-07-02 14:35:28,321] {standard_task_runner.py:77} INFO - Job 96: Subtask prevalent_projects
[2021-07-02 14:35:28,960] {logging_mixin.py:104} INFO - Running <TaskInstance: Fusemachines_Airflow_project.prevalent_projects 2021-07-01T00:00:00+00:00 [running]> on host deepika-Inspiron-5570
[2021-07-02 14:35:29,729] {taskinstance.py:1280} INFO - Exporting the following env vars:
AIRFLOW_CTX_DAG_EMAIL=sthadpka93@gmail.com
AIRFLOW_CTX_DAG_OWNER=postgres
AIRFLOW_CTX_DAG_ID=Fusemachines_Airflow_project
AIRFLOW_CTX_TASK_ID=prevalent_projects
AIRFLOW_CTX_EXECUTION_DATE=2021-07-01T00:00:00+00:00
AIRFLOW_CTX_DAG_RUN_ID=scheduled__2021-07-01T00:00:00+00:00
[2021-07-02 14:35:39,827] {python.py:151} INFO - Done. Returned value was: None
[2021-07-02 14:35:39,831] {taskinstance.py:1184} INFO - Marking task as SUCCESS. dag_id=Fusemachines_Airflow_project, task_id=prevalent_projects, execution_date=20210701T000000, start_date=20210702T085028, end_date=20210702T085039
[2021-07-02 14:35:40,002] {taskinstance.py:1245} INFO - 1 downstream tasks scheduled from follow-on schedule check
[2021-07-02 14:35:40,034] {local_task_job.py:151} INFO - Task exited with return code 0
