[2021-07-02 13:38:07,523] {taskinstance.py:876} INFO - Dependencies all met for <TaskInstance: Fusemachines_Airflow_project.least_projects 2021-07-01T00:03:00+00:00 [queued]>
[2021-07-02 13:38:07,534] {taskinstance.py:876} INFO - Dependencies all met for <TaskInstance: Fusemachines_Airflow_project.least_projects 2021-07-01T00:03:00+00:00 [queued]>
[2021-07-02 13:38:07,534] {taskinstance.py:1067} INFO - 
--------------------------------------------------------------------------------
[2021-07-02 13:38:07,534] {taskinstance.py:1068} INFO - Starting attempt 1 of 4
[2021-07-02 13:38:07,534] {taskinstance.py:1069} INFO - 
--------------------------------------------------------------------------------
[2021-07-02 13:38:08,004] {taskinstance.py:1087} INFO - Executing <Task(PythonOperator): least_projects> on 2021-07-01T00:03:00+00:00
[2021-07-02 13:38:08,008] {standard_task_runner.py:52} INFO - Started process 27503 to run task
[2021-07-02 13:38:08,018] {standard_task_runner.py:76} INFO - Running: ['airflow', 'tasks', 'run', 'Fusemachines_Airflow_project', 'least_projects', '2021-07-01T00:03:00+00:00', '--job-id', '41', '--pool', 'default_pool', '--raw', '--subdir', 'DAGS_FOLDER/dag.py', '--cfg-path', '/tmp/tmpvkx88mm2', '--error-file', '/tmp/tmpot7uw9_8']
[2021-07-02 13:38:08,019] {standard_task_runner.py:77} INFO - Job 41: Subtask least_projects
[2021-07-02 13:38:08,170] {logging_mixin.py:104} INFO - Running <TaskInstance: Fusemachines_Airflow_project.least_projects 2021-07-01T00:03:00+00:00 [running]> on host deepika-Inspiron-5570
[2021-07-02 13:38:08,388] {taskinstance.py:1280} INFO - Exporting the following env vars:
AIRFLOW_CTX_DAG_EMAIL=sthadpka93@gmail.com
AIRFLOW_CTX_DAG_OWNER=postgres
AIRFLOW_CTX_DAG_ID=Fusemachines_Airflow_project
AIRFLOW_CTX_TASK_ID=least_projects
AIRFLOW_CTX_EXECUTION_DATE=2021-07-01T00:03:00+00:00
AIRFLOW_CTX_DAG_RUN_ID=scheduled__2021-07-01T00:03:00+00:00
[2021-07-02 13:38:14,164] {python.py:151} INFO - Done. Returned value was: None
[2021-07-02 13:38:14,170] {taskinstance.py:1184} INFO - Marking task as SUCCESS. dag_id=Fusemachines_Airflow_project, task_id=least_projects, execution_date=20210701T000300, start_date=20210702T075307, end_date=20210702T075314
[2021-07-02 13:38:14,282] {taskinstance.py:1245} INFO - 0 downstream tasks scheduled from follow-on schedule check
[2021-07-02 13:38:14,299] {local_task_job.py:151} INFO - Task exited with return code 0
