[2021-07-02 14:33:40,944] {taskinstance.py:876} INFO - Dependencies all met for <TaskInstance: Fusemachines_Airflow_project.least_projects 2021-07-01T00:13:00+00:00 [queued]>
[2021-07-02 14:33:40,953] {taskinstance.py:876} INFO - Dependencies all met for <TaskInstance: Fusemachines_Airflow_project.least_projects 2021-07-01T00:13:00+00:00 [queued]>
[2021-07-02 14:33:40,954] {taskinstance.py:1067} INFO - 
--------------------------------------------------------------------------------
[2021-07-02 14:33:40,954] {taskinstance.py:1068} INFO - Starting attempt 1 of 4
[2021-07-02 14:33:40,954] {taskinstance.py:1069} INFO - 
--------------------------------------------------------------------------------
[2021-07-02 14:33:41,031] {taskinstance.py:1087} INFO - Executing <Task(PythonOperator): least_projects> on 2021-07-01T00:13:00+00:00
[2021-07-02 14:33:41,033] {standard_task_runner.py:52} INFO - Started process 54382 to run task
[2021-07-02 14:33:41,036] {standard_task_runner.py:76} INFO - Running: ['airflow', 'tasks', 'run', 'Fusemachines_Airflow_project', 'least_projects', '2021-07-01T00:13:00+00:00', '--job-id', '88', '--pool', 'default_pool', '--raw', '--subdir', 'DAGS_FOLDER/dag.py', '--cfg-path', '/tmp/tmpafbdfok1', '--error-file', '/tmp/tmpr7hmzv2s']
[2021-07-02 14:33:41,037] {standard_task_runner.py:77} INFO - Job 88: Subtask least_projects
[2021-07-02 14:33:41,130] {logging_mixin.py:104} INFO - Running <TaskInstance: Fusemachines_Airflow_project.least_projects 2021-07-01T00:13:00+00:00 [running]> on host deepika-Inspiron-5570
[2021-07-02 14:33:41,507] {taskinstance.py:1280} INFO - Exporting the following env vars:
AIRFLOW_CTX_DAG_EMAIL=sthadpka93@gmail.com
AIRFLOW_CTX_DAG_OWNER=postgres
AIRFLOW_CTX_DAG_ID=Fusemachines_Airflow_project
AIRFLOW_CTX_TASK_ID=least_projects
AIRFLOW_CTX_EXECUTION_DATE=2021-07-01T00:13:00+00:00
AIRFLOW_CTX_DAG_RUN_ID=scheduled__2021-07-01T00:13:00+00:00
[2021-07-02 14:33:49,437] {python.py:151} INFO - Done. Returned value was: None
[2021-07-02 14:33:49,448] {taskinstance.py:1184} INFO - Marking task as SUCCESS. dag_id=Fusemachines_Airflow_project, task_id=least_projects, execution_date=20210701T001300, start_date=20210702T084840, end_date=20210702T084849
[2021-07-02 14:33:49,585] {taskinstance.py:1245} INFO - 0 downstream tasks scheduled from follow-on schedule check
[2021-07-02 14:33:49,607] {local_task_job.py:151} INFO - Task exited with return code 0
