[2021-07-02 14:43:06,372] {taskinstance.py:876} INFO - Dependencies all met for <TaskInstance: Fusemachines_Airflow_project.reached_goals 2021-07-01T00:08:00+00:00 [queued]>
[2021-07-02 14:43:06,384] {taskinstance.py:876} INFO - Dependencies all met for <TaskInstance: Fusemachines_Airflow_project.reached_goals 2021-07-01T00:08:00+00:00 [queued]>
[2021-07-02 14:43:06,384] {taskinstance.py:1067} INFO - 
--------------------------------------------------------------------------------
[2021-07-02 14:43:06,384] {taskinstance.py:1068} INFO - Starting attempt 1 of 4
[2021-07-02 14:43:06,384] {taskinstance.py:1069} INFO - 
--------------------------------------------------------------------------------
[2021-07-02 14:43:06,459] {taskinstance.py:1087} INFO - Executing <Task(PythonOperator): reached_goals> on 2021-07-01T00:08:00+00:00
[2021-07-02 14:43:06,464] {standard_task_runner.py:52} INFO - Started process 64189 to run task
[2021-07-02 14:43:06,476] {standard_task_runner.py:76} INFO - Running: ['airflow', 'tasks', 'run', 'Fusemachines_Airflow_project', 'reached_goals', '2021-07-01T00:08:00+00:00', '--job-id', '115', '--pool', 'default_pool', '--raw', '--subdir', 'DAGS_FOLDER/dag.py', '--cfg-path', '/tmp/tmpqqsu70ul', '--error-file', '/tmp/tmpd31rkx68']
[2021-07-02 14:43:06,478] {standard_task_runner.py:77} INFO - Job 115: Subtask reached_goals
[2021-07-02 14:43:06,598] {logging_mixin.py:104} INFO - Running <TaskInstance: Fusemachines_Airflow_project.reached_goals 2021-07-01T00:08:00+00:00 [running]> on host deepika-Inspiron-5570
[2021-07-02 14:43:06,854] {taskinstance.py:1280} INFO - Exporting the following env vars:
AIRFLOW_CTX_DAG_EMAIL=sthadpka93@gmail.com
AIRFLOW_CTX_DAG_OWNER=postgres
AIRFLOW_CTX_DAG_ID=Fusemachines_Airflow_project
AIRFLOW_CTX_TASK_ID=reached_goals
AIRFLOW_CTX_EXECUTION_DATE=2021-07-01T00:08:00+00:00
AIRFLOW_CTX_DAG_RUN_ID=scheduled__2021-07-01T00:08:00+00:00
[2021-07-02 14:43:12,286] {python.py:151} INFO - Done. Returned value was: None
[2021-07-02 14:43:12,295] {taskinstance.py:1184} INFO - Marking task as SUCCESS. dag_id=Fusemachines_Airflow_project, task_id=reached_goals, execution_date=20210701T000800, start_date=20210702T085806, end_date=20210702T085812
[2021-07-02 14:43:12,533] {taskinstance.py:1245} INFO - 0 downstream tasks scheduled from follow-on schedule check
[2021-07-02 14:43:12,553] {local_task_job.py:151} INFO - Task exited with return code 0
