[2021-07-02 14:42:33,893] {taskinstance.py:876} INFO - Dependencies all met for <TaskInstance: Fusemachines_Airflow_project.projects_highest_goal 2021-07-01T00:14:00+00:00 [queued]>
[2021-07-02 14:42:34,764] {taskinstance.py:876} INFO - Dependencies all met for <TaskInstance: Fusemachines_Airflow_project.projects_highest_goal 2021-07-01T00:14:00+00:00 [queued]>
[2021-07-02 14:42:34,765] {taskinstance.py:1067} INFO - 
--------------------------------------------------------------------------------
[2021-07-02 14:42:34,765] {taskinstance.py:1068} INFO - Starting attempt 1 of 4
[2021-07-02 14:42:34,765] {taskinstance.py:1069} INFO - 
--------------------------------------------------------------------------------
[2021-07-02 14:42:35,459] {taskinstance.py:1087} INFO - Executing <Task(PythonOperator): projects_highest_goal> on 2021-07-01T00:14:00+00:00
[2021-07-02 14:42:35,466] {standard_task_runner.py:52} INFO - Started process 63668 to run task
[2021-07-02 14:42:35,481] {standard_task_runner.py:76} INFO - Running: ['airflow', 'tasks', 'run', 'Fusemachines_Airflow_project', 'projects_highest_goal', '2021-07-01T00:14:00+00:00', '--job-id', '113', '--pool', 'default_pool', '--raw', '--subdir', 'DAGS_FOLDER/dag.py', '--cfg-path', '/tmp/tmprnjcmfxt', '--error-file', '/tmp/tmp9ezopzu_']
[2021-07-02 14:42:35,483] {standard_task_runner.py:77} INFO - Job 113: Subtask projects_highest_goal
[2021-07-02 14:42:36,849] {taskinstance.py:866} INFO - Dependencies not met for <TaskInstance: Fusemachines_Airflow_project.projects_highest_goal 2021-07-01T00:14:00+00:00 [running]>, dependency 'Task Instance State' FAILED: Task is in the 'running' state which is not a valid state for execution. The task must be cleared in order to be run.
[2021-07-02 14:42:36,862] {taskinstance.py:866} INFO - Dependencies not met for <TaskInstance: Fusemachines_Airflow_project.projects_highest_goal 2021-07-01T00:14:00+00:00 [running]>, dependency 'Task Instance Not Running' FAILED: Task is in the running state
[2021-07-02 14:42:36,863] {local_task_job.py:98} INFO - Task is not able to be run
[2021-07-02 14:42:36,868] {logging_mixin.py:104} INFO - Running <TaskInstance: Fusemachines_Airflow_project.projects_highest_goal 2021-07-01T00:14:00+00:00 [running]> on host deepika-Inspiron-5570
[2021-07-02 14:42:37,249] {taskinstance.py:1280} INFO - Exporting the following env vars:
AIRFLOW_CTX_DAG_EMAIL=sthadpka93@gmail.com
AIRFLOW_CTX_DAG_OWNER=postgres
AIRFLOW_CTX_DAG_ID=Fusemachines_Airflow_project
AIRFLOW_CTX_TASK_ID=projects_highest_goal
AIRFLOW_CTX_EXECUTION_DATE=2021-07-01T00:14:00+00:00
AIRFLOW_CTX_DAG_RUN_ID=scheduled__2021-07-01T00:14:00+00:00
[2021-07-02 14:42:51,932] {python.py:151} INFO - Done. Returned value was: None
[2021-07-02 14:42:51,936] {taskinstance.py:1184} INFO - Marking task as SUCCESS. dag_id=Fusemachines_Airflow_project, task_id=projects_highest_goal, execution_date=20210701T001400, start_date=20210702T085733, end_date=20210702T085751
[2021-07-02 14:42:52,087] {taskinstance.py:1245} INFO - 0 downstream tasks scheduled from follow-on schedule check
[2021-07-02 14:42:52,122] {local_task_job.py:151} INFO - Task exited with return code 0
