[2021-07-02 14:46:10,472] {taskinstance.py:876} INFO - Dependencies all met for <TaskInstance: Fusemachines_Airflow_project.sucessful_category 2021-07-01T00:06:00+00:00 [queued]>
[2021-07-02 14:46:11,027] {taskinstance.py:876} INFO - Dependencies all met for <TaskInstance: Fusemachines_Airflow_project.sucessful_category 2021-07-01T00:06:00+00:00 [queued]>
[2021-07-02 14:46:11,027] {taskinstance.py:1067} INFO - 
--------------------------------------------------------------------------------
[2021-07-02 14:46:11,027] {taskinstance.py:1068} INFO - Starting attempt 1 of 4
[2021-07-02 14:46:11,027] {taskinstance.py:1069} INFO - 
--------------------------------------------------------------------------------
[2021-07-02 14:46:11,168] {taskinstance.py:1087} INFO - Executing <Task(PythonOperator): sucessful_category> on 2021-07-01T00:06:00+00:00
[2021-07-02 14:46:11,172] {standard_task_runner.py:52} INFO - Started process 68223 to run task
[2021-07-02 14:46:11,177] {standard_task_runner.py:76} INFO - Running: ['airflow', 'tasks', 'run', 'Fusemachines_Airflow_project', 'sucessful_category', '2021-07-01T00:06:00+00:00', '--job-id', '128', '--pool', 'default_pool', '--raw', '--subdir', 'DAGS_FOLDER/dag.py', '--cfg-path', '/tmp/tmpzj5kmgca', '--error-file', '/tmp/tmp5puv45xq']
[2021-07-02 14:46:11,178] {standard_task_runner.py:77} INFO - Job 128: Subtask sucessful_category
[2021-07-02 14:46:11,316] {logging_mixin.py:104} INFO - Running <TaskInstance: Fusemachines_Airflow_project.sucessful_category 2021-07-01T00:06:00+00:00 [running]> on host deepika-Inspiron-5570
[2021-07-02 14:46:11,608] {taskinstance.py:1280} INFO - Exporting the following env vars:
AIRFLOW_CTX_DAG_EMAIL=sthadpka93@gmail.com
AIRFLOW_CTX_DAG_OWNER=postgres
AIRFLOW_CTX_DAG_ID=Fusemachines_Airflow_project
AIRFLOW_CTX_TASK_ID=sucessful_category
AIRFLOW_CTX_EXECUTION_DATE=2021-07-01T00:06:00+00:00
AIRFLOW_CTX_DAG_RUN_ID=scheduled__2021-07-01T00:06:00+00:00
[2021-07-02 14:46:25,004] {python.py:151} INFO - Done. Returned value was: None
[2021-07-02 14:46:25,012] {taskinstance.py:1184} INFO - Marking task as SUCCESS. dag_id=Fusemachines_Airflow_project, task_id=sucessful_category, execution_date=20210701T000600, start_date=20210702T090110, end_date=20210702T090125
[2021-07-02 14:46:25,778] {taskinstance.py:1245} INFO - 1 downstream tasks scheduled from follow-on schedule check
[2021-07-02 14:46:25,804] {local_task_job.py:151} INFO - Task exited with return code 0
