[2021-07-02 13:36:56,075] {taskinstance.py:876} INFO - Dependencies all met for <TaskInstance: Fusemachines_Airflow_project.projects_highest_goal 2021-07-01T00:01:00+00:00 [queued]>
[2021-07-02 13:36:56,094] {taskinstance.py:876} INFO - Dependencies all met for <TaskInstance: Fusemachines_Airflow_project.projects_highest_goal 2021-07-01T00:01:00+00:00 [queued]>
[2021-07-02 13:36:56,094] {taskinstance.py:1067} INFO - 
--------------------------------------------------------------------------------
[2021-07-02 13:36:56,094] {taskinstance.py:1068} INFO - Starting attempt 1 of 4
[2021-07-02 13:36:56,094] {taskinstance.py:1069} INFO - 
--------------------------------------------------------------------------------
[2021-07-02 13:36:56,227] {taskinstance.py:1087} INFO - Executing <Task(PythonOperator): projects_highest_goal> on 2021-07-01T00:01:00+00:00
[2021-07-02 13:36:56,231] {standard_task_runner.py:52} INFO - Started process 26510 to run task
[2021-07-02 13:36:56,242] {standard_task_runner.py:76} INFO - Running: ['airflow', 'tasks', 'run', 'Fusemachines_Airflow_project', 'projects_highest_goal', '2021-07-01T00:01:00+00:00', '--job-id', '38', '--pool', 'default_pool', '--raw', '--subdir', 'DAGS_FOLDER/dag.py', '--cfg-path', '/tmp/tmpdsohz_6b', '--error-file', '/tmp/tmpy2kjzspa']
[2021-07-02 13:36:56,243] {standard_task_runner.py:77} INFO - Job 38: Subtask projects_highest_goal
[2021-07-02 13:36:56,907] {logging_mixin.py:104} INFO - Running <TaskInstance: Fusemachines_Airflow_project.projects_highest_goal 2021-07-01T00:01:00+00:00 [running]> on host deepika-Inspiron-5570
[2021-07-02 13:36:57,143] {taskinstance.py:1280} INFO - Exporting the following env vars:
AIRFLOW_CTX_DAG_EMAIL=sthadpka93@gmail.com
AIRFLOW_CTX_DAG_OWNER=postgres
AIRFLOW_CTX_DAG_ID=Fusemachines_Airflow_project
AIRFLOW_CTX_TASK_ID=projects_highest_goal
AIRFLOW_CTX_EXECUTION_DATE=2021-07-01T00:01:00+00:00
AIRFLOW_CTX_DAG_RUN_ID=scheduled__2021-07-01T00:01:00+00:00
[2021-07-02 13:37:09,637] {python.py:151} INFO - Done. Returned value was: None
[2021-07-02 13:37:09,640] {taskinstance.py:1184} INFO - Marking task as SUCCESS. dag_id=Fusemachines_Airflow_project, task_id=projects_highest_goal, execution_date=20210701T000100, start_date=20210702T075156, end_date=20210702T075209
[2021-07-02 13:37:10,812] {taskinstance.py:1245} INFO - 0 downstream tasks scheduled from follow-on schedule check
[2021-07-02 13:37:10,837] {local_task_job.py:151} INFO - Task exited with return code 0
