[2021-07-02 14:49:43,466] {taskinstance.py:876} INFO - Dependencies all met for <TaskInstance: Fusemachines_Airflow_project.most_projects_category 2021-07-01T00:09:00+00:00 [queued]>
[2021-07-02 14:49:43,490] {taskinstance.py:876} INFO - Dependencies all met for <TaskInstance: Fusemachines_Airflow_project.most_projects_category 2021-07-01T00:09:00+00:00 [queued]>
[2021-07-02 14:49:43,490] {taskinstance.py:1067} INFO - 
--------------------------------------------------------------------------------
[2021-07-02 14:49:43,490] {taskinstance.py:1068} INFO - Starting attempt 1 of 4
[2021-07-02 14:49:43,490] {taskinstance.py:1069} INFO - 
--------------------------------------------------------------------------------
[2021-07-02 14:49:43,588] {taskinstance.py:1087} INFO - Executing <Task(PythonOperator): most_projects_category> on 2021-07-01T00:09:00+00:00
[2021-07-02 14:49:43,591] {standard_task_runner.py:52} INFO - Started process 72665 to run task
[2021-07-02 14:49:43,596] {standard_task_runner.py:76} INFO - Running: ['airflow', 'tasks', 'run', 'Fusemachines_Airflow_project', 'most_projects_category', '2021-07-01T00:09:00+00:00', '--job-id', '141', '--pool', 'default_pool', '--raw', '--subdir', 'DAGS_FOLDER/dag.py', '--cfg-path', '/tmp/tmpy03iyef7', '--error-file', '/tmp/tmpfydoznx5']
[2021-07-02 14:49:43,597] {standard_task_runner.py:77} INFO - Job 141: Subtask most_projects_category
[2021-07-02 14:49:43,890] {logging_mixin.py:104} INFO - Running <TaskInstance: Fusemachines_Airflow_project.most_projects_category 2021-07-01T00:09:00+00:00 [running]> on host deepika-Inspiron-5570
[2021-07-02 14:49:44,203] {taskinstance.py:1280} INFO - Exporting the following env vars:
AIRFLOW_CTX_DAG_EMAIL=sthadpka93@gmail.com
AIRFLOW_CTX_DAG_OWNER=postgres
AIRFLOW_CTX_DAG_ID=Fusemachines_Airflow_project
AIRFLOW_CTX_TASK_ID=most_projects_category
AIRFLOW_CTX_EXECUTION_DATE=2021-07-01T00:09:00+00:00
AIRFLOW_CTX_DAG_RUN_ID=scheduled__2021-07-01T00:09:00+00:00
[2021-07-02 14:49:59,913] {python.py:151} INFO - Done. Returned value was: None
[2021-07-02 14:49:59,919] {taskinstance.py:1184} INFO - Marking task as SUCCESS. dag_id=Fusemachines_Airflow_project, task_id=most_projects_category, execution_date=20210701T000900, start_date=20210702T090443, end_date=20210702T090459
[2021-07-02 14:50:00,149] {taskinstance.py:1245} INFO - 1 downstream tasks scheduled from follow-on schedule check
[2021-07-02 14:50:00,162] {local_task_job.py:151} INFO - Task exited with return code 0
