[2021-07-02 14:24:08,843] {taskinstance.py:876} INFO - Dependencies all met for <TaskInstance: Fusemachines_Airflow_project.projects_highest_goal 2021-07-01T00:06:00+00:00 [queued]>
[2021-07-02 14:24:08,858] {taskinstance.py:876} INFO - Dependencies all met for <TaskInstance: Fusemachines_Airflow_project.projects_highest_goal 2021-07-01T00:06:00+00:00 [queued]>
[2021-07-02 14:24:08,858] {taskinstance.py:1067} INFO - 
--------------------------------------------------------------------------------
[2021-07-02 14:24:08,858] {taskinstance.py:1068} INFO - Starting attempt 1 of 4
[2021-07-02 14:24:08,859] {taskinstance.py:1069} INFO - 
--------------------------------------------------------------------------------
[2021-07-02 14:24:08,931] {taskinstance.py:1087} INFO - Executing <Task(PythonOperator): projects_highest_goal> on 2021-07-01T00:06:00+00:00
[2021-07-02 14:24:08,936] {standard_task_runner.py:52} INFO - Started process 44043 to run task
[2021-07-02 14:24:08,946] {standard_task_runner.py:76} INFO - Running: ['airflow', 'tasks', 'run', 'Fusemachines_Airflow_project', 'projects_highest_goal', '2021-07-01T00:06:00+00:00', '--job-id', '56', '--pool', 'default_pool', '--raw', '--subdir', 'DAGS_FOLDER/dag.py', '--cfg-path', '/tmp/tmptg9p9ocu', '--error-file', '/tmp/tmpjclvjuz7']
[2021-07-02 14:24:08,947] {standard_task_runner.py:77} INFO - Job 56: Subtask projects_highest_goal
[2021-07-02 14:24:09,115] {logging_mixin.py:104} INFO - Running <TaskInstance: Fusemachines_Airflow_project.projects_highest_goal 2021-07-01T00:06:00+00:00 [running]> on host deepika-Inspiron-5570
[2021-07-02 14:24:09,374] {taskinstance.py:1280} INFO - Exporting the following env vars:
AIRFLOW_CTX_DAG_EMAIL=sthadpka93@gmail.com
AIRFLOW_CTX_DAG_OWNER=postgres
AIRFLOW_CTX_DAG_ID=Fusemachines_Airflow_project
AIRFLOW_CTX_TASK_ID=projects_highest_goal
AIRFLOW_CTX_EXECUTION_DATE=2021-07-01T00:06:00+00:00
AIRFLOW_CTX_DAG_RUN_ID=scheduled__2021-07-01T00:06:00+00:00
[2021-07-02 14:24:20,192] {python.py:151} INFO - Done. Returned value was: None
[2021-07-02 14:24:20,195] {taskinstance.py:1184} INFO - Marking task as SUCCESS. dag_id=Fusemachines_Airflow_project, task_id=projects_highest_goal, execution_date=20210701T000600, start_date=20210702T083908, end_date=20210702T083920
[2021-07-02 14:24:20,311] {taskinstance.py:1245} INFO - 0 downstream tasks scheduled from follow-on schedule check
[2021-07-02 14:24:20,348] {local_task_job.py:151} INFO - Task exited with return code 0
