[2021-07-02 14:59:19,879] {taskinstance.py:876} INFO - Dependencies all met for <TaskInstance: Fusemachines_Airflow_project.year_with_max_fail 2021-07-01T00:11:00+00:00 [queued]>
[2021-07-02 14:59:19,900] {taskinstance.py:876} INFO - Dependencies all met for <TaskInstance: Fusemachines_Airflow_project.year_with_max_fail 2021-07-01T00:11:00+00:00 [queued]>
[2021-07-02 14:59:19,900] {taskinstance.py:1067} INFO - 
--------------------------------------------------------------------------------
[2021-07-02 14:59:19,900] {taskinstance.py:1068} INFO - Starting attempt 1 of 4
[2021-07-02 14:59:19,901] {taskinstance.py:1069} INFO - 
--------------------------------------------------------------------------------
[2021-07-02 14:59:20,250] {taskinstance.py:1087} INFO - Executing <Task(PythonOperator): year_with_max_fail> on 2021-07-01T00:11:00+00:00
[2021-07-02 14:59:20,253] {standard_task_runner.py:52} INFO - Started process 86024 to run task
[2021-07-02 14:59:20,257] {standard_task_runner.py:76} INFO - Running: ['airflow', 'tasks', 'run', 'Fusemachines_Airflow_project', 'year_with_max_fail', '2021-07-01T00:11:00+00:00', '--job-id', '181', '--pool', 'default_pool', '--raw', '--subdir', 'DAGS_FOLDER/dag.py', '--cfg-path', '/tmp/tmpvh4qt75d', '--error-file', '/tmp/tmpnrmod41k']
[2021-07-02 14:59:20,258] {standard_task_runner.py:77} INFO - Job 181: Subtask year_with_max_fail
[2021-07-02 14:59:20,385] {logging_mixin.py:104} INFO - Running <TaskInstance: Fusemachines_Airflow_project.year_with_max_fail 2021-07-01T00:11:00+00:00 [running]> on host deepika-Inspiron-5570
[2021-07-02 14:59:20,574] {taskinstance.py:1280} INFO - Exporting the following env vars:
AIRFLOW_CTX_DAG_EMAIL=sthadpka93@gmail.com
AIRFLOW_CTX_DAG_OWNER=postgres
AIRFLOW_CTX_DAG_ID=Fusemachines_Airflow_project
AIRFLOW_CTX_TASK_ID=year_with_max_fail
AIRFLOW_CTX_EXECUTION_DATE=2021-07-01T00:11:00+00:00
AIRFLOW_CTX_DAG_RUN_ID=scheduled__2021-07-01T00:11:00+00:00
[2021-07-02 14:59:24,623] {python.py:151} INFO - Done. Returned value was: None
[2021-07-02 14:59:24,626] {taskinstance.py:1184} INFO - Marking task as SUCCESS. dag_id=Fusemachines_Airflow_project, task_id=year_with_max_fail, execution_date=20210701T001100, start_date=20210702T091419, end_date=20210702T091424
[2021-07-02 14:59:24,778] {taskinstance.py:1245} INFO - 1 downstream tasks scheduled from follow-on schedule check
[2021-07-02 14:59:24,822] {local_task_job.py:151} INFO - Task exited with return code 0
