[2021-07-02 14:59:53,818] {taskinstance.py:876} INFO - Dependencies all met for <TaskInstance: Fusemachines_Airflow_project.sucessful_zero_backers 2021-07-01T01:00:00+00:00 [queued]>
[2021-07-02 14:59:53,828] {taskinstance.py:876} INFO - Dependencies all met for <TaskInstance: Fusemachines_Airflow_project.sucessful_zero_backers 2021-07-01T01:00:00+00:00 [queued]>
[2021-07-02 14:59:53,828] {taskinstance.py:1067} INFO - 
--------------------------------------------------------------------------------
[2021-07-02 14:59:53,828] {taskinstance.py:1068} INFO - Starting attempt 1 of 4
[2021-07-02 14:59:53,828] {taskinstance.py:1069} INFO - 
--------------------------------------------------------------------------------
[2021-07-02 14:59:53,904] {taskinstance.py:1087} INFO - Executing <Task(PythonOperator): sucessful_zero_backers> on 2021-07-01T01:00:00+00:00
[2021-07-02 14:59:53,906] {standard_task_runner.py:52} INFO - Started process 86713 to run task
[2021-07-02 14:59:53,910] {standard_task_runner.py:76} INFO - Running: ['airflow', 'tasks', 'run', 'Fusemachines_Airflow_project', 'sucessful_zero_backers', '2021-07-01T01:00:00+00:00', '--job-id', '184', '--pool', 'default_pool', '--raw', '--subdir', 'DAGS_FOLDER/dag.py', '--cfg-path', '/tmp/tmpazvmib10', '--error-file', '/tmp/tmpr4zhwcra']
[2021-07-02 14:59:53,910] {standard_task_runner.py:77} INFO - Job 184: Subtask sucessful_zero_backers
[2021-07-02 14:59:54,033] {logging_mixin.py:104} INFO - Running <TaskInstance: Fusemachines_Airflow_project.sucessful_zero_backers 2021-07-01T01:00:00+00:00 [running]> on host deepika-Inspiron-5570
[2021-07-02 14:59:54,211] {taskinstance.py:1280} INFO - Exporting the following env vars:
AIRFLOW_CTX_DAG_EMAIL=sthadpka93@gmail.com
AIRFLOW_CTX_DAG_OWNER=postgres
AIRFLOW_CTX_DAG_ID=Fusemachines_Airflow_project
AIRFLOW_CTX_TASK_ID=sucessful_zero_backers
AIRFLOW_CTX_EXECUTION_DATE=2021-07-01T01:00:00+00:00
AIRFLOW_CTX_DAG_RUN_ID=scheduled__2021-07-01T01:00:00+00:00
[2021-07-02 14:59:58,011] {python.py:151} INFO - Done. Returned value was: None
[2021-07-02 14:59:58,020] {taskinstance.py:1184} INFO - Marking task as SUCCESS. dag_id=Fusemachines_Airflow_project, task_id=sucessful_zero_backers, execution_date=20210701T010000, start_date=20210702T091453, end_date=20210702T091458
[2021-07-02 14:59:58,269] {taskinstance.py:1245} INFO - 1 downstream tasks scheduled from follow-on schedule check
[2021-07-02 14:59:58,301] {local_task_job.py:151} INFO - Task exited with return code 0
