[2021-07-02 14:38:08,085] {taskinstance.py:876} INFO - Dependencies all met for <TaskInstance: Fusemachines_Airflow_project.projects_highest_goal 2021-07-01T00:10:00+00:00 [queued]>
[2021-07-02 14:38:08,103] {taskinstance.py:876} INFO - Dependencies all met for <TaskInstance: Fusemachines_Airflow_project.projects_highest_goal 2021-07-01T00:10:00+00:00 [queued]>
[2021-07-02 14:38:08,103] {taskinstance.py:1067} INFO - 
--------------------------------------------------------------------------------
[2021-07-02 14:38:08,103] {taskinstance.py:1068} INFO - Starting attempt 2 of 4
[2021-07-02 14:38:08,103] {taskinstance.py:1069} INFO - 
--------------------------------------------------------------------------------
[2021-07-02 14:38:08,265] {taskinstance.py:1087} INFO - Executing <Task(PythonOperator): projects_highest_goal> on 2021-07-01T00:10:00+00:00
[2021-07-02 14:38:08,270] {standard_task_runner.py:52} INFO - Started process 59051 to run task
[2021-07-02 14:38:08,282] {standard_task_runner.py:76} INFO - Running: ['airflow', 'tasks', 'run', 'Fusemachines_Airflow_project', 'projects_highest_goal', '2021-07-01T00:10:00+00:00', '--job-id', '101', '--pool', 'default_pool', '--raw', '--subdir', 'DAGS_FOLDER/dag.py', '--cfg-path', '/tmp/tmpqispxa3l', '--error-file', '/tmp/tmpc039lkkz']
[2021-07-02 14:38:08,283] {standard_task_runner.py:77} INFO - Job 101: Subtask projects_highest_goal
[2021-07-02 14:38:08,490] {logging_mixin.py:104} INFO - Running <TaskInstance: Fusemachines_Airflow_project.projects_highest_goal 2021-07-01T00:10:00+00:00 [running]> on host deepika-Inspiron-5570
[2021-07-02 14:38:08,637] {taskinstance.py:1280} INFO - Exporting the following env vars:
AIRFLOW_CTX_DAG_EMAIL=sthadpka93@gmail.com
AIRFLOW_CTX_DAG_OWNER=postgres
AIRFLOW_CTX_DAG_ID=Fusemachines_Airflow_project
AIRFLOW_CTX_TASK_ID=projects_highest_goal
AIRFLOW_CTX_EXECUTION_DATE=2021-07-01T00:10:00+00:00
AIRFLOW_CTX_DAG_RUN_ID=scheduled__2021-07-01T00:10:00+00:00
[2021-07-02 14:38:24,344] {python.py:151} INFO - Done. Returned value was: None
[2021-07-02 14:38:24,348] {taskinstance.py:1184} INFO - Marking task as SUCCESS. dag_id=Fusemachines_Airflow_project, task_id=projects_highest_goal, execution_date=20210701T001000, start_date=20210702T085308, end_date=20210702T085324
[2021-07-02 14:38:24,539] {taskinstance.py:1245} INFO - 0 downstream tasks scheduled from follow-on schedule check
[2021-07-02 14:38:24,561] {local_task_job.py:151} INFO - Task exited with return code 0
