[2021-07-02 14:23:37,842] {taskinstance.py:876} INFO - Dependencies all met for <TaskInstance: Fusemachines_Airflow_project.sucessful_zero_backers 2021-07-01T00:08:00+00:00 [queued]>
[2021-07-02 14:23:37,853] {taskinstance.py:876} INFO - Dependencies all met for <TaskInstance: Fusemachines_Airflow_project.sucessful_zero_backers 2021-07-01T00:08:00+00:00 [queued]>
[2021-07-02 14:23:37,853] {taskinstance.py:1067} INFO - 
--------------------------------------------------------------------------------
[2021-07-02 14:23:37,853] {taskinstance.py:1068} INFO - Starting attempt 1 of 4
[2021-07-02 14:23:37,853] {taskinstance.py:1069} INFO - 
--------------------------------------------------------------------------------
[2021-07-02 14:23:37,930] {taskinstance.py:1087} INFO - Executing <Task(PythonOperator): sucessful_zero_backers> on 2021-07-01T00:08:00+00:00
[2021-07-02 14:23:37,937] {standard_task_runner.py:52} INFO - Started process 43547 to run task
[2021-07-02 14:23:37,953] {standard_task_runner.py:76} INFO - Running: ['airflow', 'tasks', 'run', 'Fusemachines_Airflow_project', 'sucessful_zero_backers', '2021-07-01T00:08:00+00:00', '--job-id', '54', '--pool', 'default_pool', '--raw', '--subdir', 'DAGS_FOLDER/dag.py', '--cfg-path', '/tmp/tmp0tgmnou6', '--error-file', '/tmp/tmpte29eyvd']
[2021-07-02 14:23:37,955] {standard_task_runner.py:77} INFO - Job 54: Subtask sucessful_zero_backers
[2021-07-02 14:23:39,103] {logging_mixin.py:104} INFO - Running <TaskInstance: Fusemachines_Airflow_project.sucessful_zero_backers 2021-07-01T00:08:00+00:00 [running]> on host deepika-Inspiron-5570
[2021-07-02 14:23:39,511] {taskinstance.py:1280} INFO - Exporting the following env vars:
AIRFLOW_CTX_DAG_EMAIL=sthadpka93@gmail.com
AIRFLOW_CTX_DAG_OWNER=postgres
AIRFLOW_CTX_DAG_ID=Fusemachines_Airflow_project
AIRFLOW_CTX_TASK_ID=sucessful_zero_backers
AIRFLOW_CTX_EXECUTION_DATE=2021-07-01T00:08:00+00:00
AIRFLOW_CTX_DAG_RUN_ID=scheduled__2021-07-01T00:08:00+00:00
[2021-07-02 14:23:41,922] {python.py:151} INFO - Done. Returned value was: None
[2021-07-02 14:23:41,925] {taskinstance.py:1184} INFO - Marking task as SUCCESS. dag_id=Fusemachines_Airflow_project, task_id=sucessful_zero_backers, execution_date=20210701T000800, start_date=20210702T083837, end_date=20210702T083841
[2021-07-02 14:23:42,020] {taskinstance.py:1245} INFO - 0 downstream tasks scheduled from follow-on schedule check
[2021-07-02 14:23:42,052] {local_task_job.py:151} INFO - Task exited with return code 0
