[2021-07-02 13:35:28,060] {taskinstance.py:876} INFO - Dependencies all met for <TaskInstance: Fusemachines_Airflow_project.least_projects 2021-07-01T00:01:00+00:00 [queued]>
[2021-07-02 13:35:28,071] {taskinstance.py:876} INFO - Dependencies all met for <TaskInstance: Fusemachines_Airflow_project.least_projects 2021-07-01T00:01:00+00:00 [queued]>
[2021-07-02 13:35:28,071] {taskinstance.py:1067} INFO - 
--------------------------------------------------------------------------------
[2021-07-02 13:35:28,071] {taskinstance.py:1068} INFO - Starting attempt 1 of 4
[2021-07-02 13:35:28,071] {taskinstance.py:1069} INFO - 
--------------------------------------------------------------------------------
[2021-07-02 13:35:28,147] {taskinstance.py:1087} INFO - Executing <Task(PythonOperator): least_projects> on 2021-07-01T00:01:00+00:00
[2021-07-02 13:35:28,152] {standard_task_runner.py:52} INFO - Started process 25109 to run task
[2021-07-02 13:35:28,161] {standard_task_runner.py:76} INFO - Running: ['airflow', 'tasks', 'run', 'Fusemachines_Airflow_project', 'least_projects', '2021-07-01T00:01:00+00:00', '--job-id', '34', '--pool', 'default_pool', '--raw', '--subdir', 'DAGS_FOLDER/dag.py', '--cfg-path', '/tmp/tmphj5q3i0u', '--error-file', '/tmp/tmpmsau0x3q']
[2021-07-02 13:35:28,163] {standard_task_runner.py:77} INFO - Job 34: Subtask least_projects
[2021-07-02 13:35:28,300] {logging_mixin.py:104} INFO - Running <TaskInstance: Fusemachines_Airflow_project.least_projects 2021-07-01T00:01:00+00:00 [running]> on host deepika-Inspiron-5570
[2021-07-02 13:35:28,482] {taskinstance.py:1280} INFO - Exporting the following env vars:
AIRFLOW_CTX_DAG_EMAIL=sthadpka93@gmail.com
AIRFLOW_CTX_DAG_OWNER=postgres
AIRFLOW_CTX_DAG_ID=Fusemachines_Airflow_project
AIRFLOW_CTX_TASK_ID=least_projects
AIRFLOW_CTX_EXECUTION_DATE=2021-07-01T00:01:00+00:00
AIRFLOW_CTX_DAG_RUN_ID=scheduled__2021-07-01T00:01:00+00:00
[2021-07-02 13:35:33,976] {python.py:151} INFO - Done. Returned value was: None
[2021-07-02 13:35:33,980] {taskinstance.py:1184} INFO - Marking task as SUCCESS. dag_id=Fusemachines_Airflow_project, task_id=least_projects, execution_date=20210701T000100, start_date=20210702T075028, end_date=20210702T075033
[2021-07-02 13:35:34,181] {taskinstance.py:1245} INFO - 0 downstream tasks scheduled from follow-on schedule check
[2021-07-02 13:35:34,207] {local_task_job.py:151} INFO - Task exited with return code 0
