[2021-07-02 13:36:37,853] {taskinstance.py:876} INFO - Dependencies all met for <TaskInstance: Fusemachines_Airflow_project.least_projects 2021-07-01T00:02:00+00:00 [queued]>
[2021-07-02 13:36:37,874] {taskinstance.py:876} INFO - Dependencies all met for <TaskInstance: Fusemachines_Airflow_project.least_projects 2021-07-01T00:02:00+00:00 [queued]>
[2021-07-02 13:36:37,874] {taskinstance.py:1067} INFO - 
--------------------------------------------------------------------------------
[2021-07-02 13:36:37,875] {taskinstance.py:1068} INFO - Starting attempt 1 of 4
[2021-07-02 13:36:37,875] {taskinstance.py:1069} INFO - 
--------------------------------------------------------------------------------
[2021-07-02 13:36:38,309] {taskinstance.py:1087} INFO - Executing <Task(PythonOperator): least_projects> on 2021-07-01T00:02:00+00:00
[2021-07-02 13:36:38,316] {standard_task_runner.py:52} INFO - Started process 26235 to run task
[2021-07-02 13:36:38,330] {standard_task_runner.py:76} INFO - Running: ['airflow', 'tasks', 'run', 'Fusemachines_Airflow_project', 'least_projects', '2021-07-01T00:02:00+00:00', '--job-id', '37', '--pool', 'default_pool', '--raw', '--subdir', 'DAGS_FOLDER/dag.py', '--cfg-path', '/tmp/tmpnlvsz5mp', '--error-file', '/tmp/tmpuczf_ym5']
[2021-07-02 13:36:38,332] {standard_task_runner.py:77} INFO - Job 37: Subtask least_projects
[2021-07-02 13:36:38,447] {logging_mixin.py:104} INFO - Running <TaskInstance: Fusemachines_Airflow_project.least_projects 2021-07-01T00:02:00+00:00 [running]> on host deepika-Inspiron-5570
[2021-07-02 13:36:38,884] {taskinstance.py:1280} INFO - Exporting the following env vars:
AIRFLOW_CTX_DAG_EMAIL=sthadpka93@gmail.com
AIRFLOW_CTX_DAG_OWNER=postgres
AIRFLOW_CTX_DAG_ID=Fusemachines_Airflow_project
AIRFLOW_CTX_TASK_ID=least_projects
AIRFLOW_CTX_EXECUTION_DATE=2021-07-01T00:02:00+00:00
AIRFLOW_CTX_DAG_RUN_ID=scheduled__2021-07-01T00:02:00+00:00
[2021-07-02 13:36:45,574] {python.py:151} INFO - Done. Returned value was: None
[2021-07-02 13:36:45,580] {taskinstance.py:1184} INFO - Marking task as SUCCESS. dag_id=Fusemachines_Airflow_project, task_id=least_projects, execution_date=20210701T000200, start_date=20210702T075137, end_date=20210702T075145
[2021-07-02 13:36:45,692] {taskinstance.py:1245} INFO - 0 downstream tasks scheduled from follow-on schedule check
[2021-07-02 13:36:45,732] {local_task_job.py:151} INFO - Task exited with return code 0
