[2021-07-02 14:25:29,809] {taskinstance.py:876} INFO - Dependencies all met for <TaskInstance: Fusemachines_Airflow_project.least_projects 2021-07-01T00:08:00+00:00 [queued]>
[2021-07-02 14:25:29,820] {taskinstance.py:876} INFO - Dependencies all met for <TaskInstance: Fusemachines_Airflow_project.least_projects 2021-07-01T00:08:00+00:00 [queued]>
[2021-07-02 14:25:29,820] {taskinstance.py:1067} INFO - 
--------------------------------------------------------------------------------
[2021-07-02 14:25:29,820] {taskinstance.py:1068} INFO - Starting attempt 1 of 4
[2021-07-02 14:25:29,820] {taskinstance.py:1069} INFO - 
--------------------------------------------------------------------------------
[2021-07-02 14:25:29,889] {taskinstance.py:1087} INFO - Executing <Task(PythonOperator): least_projects> on 2021-07-01T00:08:00+00:00
[2021-07-02 14:25:29,894] {standard_task_runner.py:52} INFO - Started process 45511 to run task
[2021-07-02 14:25:29,904] {standard_task_runner.py:76} INFO - Running: ['airflow', 'tasks', 'run', 'Fusemachines_Airflow_project', 'least_projects', '2021-07-01T00:08:00+00:00', '--job-id', '60', '--pool', 'default_pool', '--raw', '--subdir', 'DAGS_FOLDER/dag.py', '--cfg-path', '/tmp/tmpdnfvyhmr', '--error-file', '/tmp/tmpta3sruoi']
[2021-07-02 14:25:29,905] {standard_task_runner.py:77} INFO - Job 60: Subtask least_projects
[2021-07-02 14:25:30,075] {logging_mixin.py:104} INFO - Running <TaskInstance: Fusemachines_Airflow_project.least_projects 2021-07-01T00:08:00+00:00 [running]> on host deepika-Inspiron-5570
[2021-07-02 14:25:30,344] {taskinstance.py:1280} INFO - Exporting the following env vars:
AIRFLOW_CTX_DAG_EMAIL=sthadpka93@gmail.com
AIRFLOW_CTX_DAG_OWNER=postgres
AIRFLOW_CTX_DAG_ID=Fusemachines_Airflow_project
AIRFLOW_CTX_TASK_ID=least_projects
AIRFLOW_CTX_EXECUTION_DATE=2021-07-01T00:08:00+00:00
AIRFLOW_CTX_DAG_RUN_ID=scheduled__2021-07-01T00:08:00+00:00
[2021-07-02 14:25:37,670] {python.py:151} INFO - Done. Returned value was: None
[2021-07-02 14:25:37,675] {taskinstance.py:1184} INFO - Marking task as SUCCESS. dag_id=Fusemachines_Airflow_project, task_id=least_projects, execution_date=20210701T000800, start_date=20210702T084029, end_date=20210702T084037
[2021-07-02 14:25:37,779] {taskinstance.py:1245} INFO - 0 downstream tasks scheduled from follow-on schedule check
[2021-07-02 14:25:37,797] {local_task_job.py:151} INFO - Task exited with return code 0
