[2021-07-02 14:54:44,557] {taskinstance.py:876} INFO - Dependencies all met for <TaskInstance: Fusemachines_Airflow_project.prevalent_projects 2021-07-01T00:04:00+00:00 [queued]>
[2021-07-02 14:54:44,583] {taskinstance.py:876} INFO - Dependencies all met for <TaskInstance: Fusemachines_Airflow_project.prevalent_projects 2021-07-01T00:04:00+00:00 [queued]>
[2021-07-02 14:54:44,583] {taskinstance.py:1067} INFO - 
--------------------------------------------------------------------------------
[2021-07-02 14:54:44,584] {taskinstance.py:1068} INFO - Starting attempt 2 of 4
[2021-07-02 14:54:44,584] {taskinstance.py:1069} INFO - 
--------------------------------------------------------------------------------
[2021-07-02 14:54:44,677] {taskinstance.py:1087} INFO - Executing <Task(PythonOperator): prevalent_projects> on 2021-07-01T00:04:00+00:00
[2021-07-02 14:54:44,680] {standard_task_runner.py:52} INFO - Started process 79537 to run task
[2021-07-02 14:54:44,694] {standard_task_runner.py:76} INFO - Running: ['airflow', 'tasks', 'run', 'Fusemachines_Airflow_project', 'prevalent_projects', '2021-07-01T00:04:00+00:00', '--job-id', '161', '--pool', 'default_pool', '--raw', '--subdir', 'DAGS_FOLDER/dag.py', '--cfg-path', '/tmp/tmp56cf1a5h', '--error-file', '/tmp/tmpofj_zjvq']
[2021-07-02 14:54:44,695] {standard_task_runner.py:77} INFO - Job 161: Subtask prevalent_projects
[2021-07-02 14:54:44,876] {logging_mixin.py:104} INFO - Running <TaskInstance: Fusemachines_Airflow_project.prevalent_projects 2021-07-01T00:04:00+00:00 [running]> on host deepika-Inspiron-5570
[2021-07-02 14:54:45,049] {taskinstance.py:1280} INFO - Exporting the following env vars:
AIRFLOW_CTX_DAG_EMAIL=sthadpka93@gmail.com
AIRFLOW_CTX_DAG_OWNER=postgres
AIRFLOW_CTX_DAG_ID=Fusemachines_Airflow_project
AIRFLOW_CTX_TASK_ID=prevalent_projects
AIRFLOW_CTX_EXECUTION_DATE=2021-07-01T00:04:00+00:00
AIRFLOW_CTX_DAG_RUN_ID=scheduled__2021-07-01T00:04:00+00:00
[2021-07-02 14:55:00,335] {python.py:151} INFO - Done. Returned value was: None
[2021-07-02 14:55:00,342] {taskinstance.py:1184} INFO - Marking task as SUCCESS. dag_id=Fusemachines_Airflow_project, task_id=prevalent_projects, execution_date=20210701T000400, start_date=20210702T090944, end_date=20210702T091000
[2021-07-02 14:55:01,112] {taskinstance.py:1245} INFO - 1 downstream tasks scheduled from follow-on schedule check
[2021-07-02 14:55:01,499] {local_task_job.py:151} INFO - Task exited with return code 0
