[2021-07-02 14:40:45,498] {taskinstance.py:876} INFO - Dependencies all met for <TaskInstance: Fusemachines_Airflow_project.reached_goals 2021-07-01T00:07:00+00:00 [None]>
[2021-07-02 14:40:45,515] {taskinstance.py:876} INFO - Dependencies all met for <TaskInstance: Fusemachines_Airflow_project.reached_goals 2021-07-01T00:07:00+00:00 [None]>
[2021-07-02 14:40:45,515] {taskinstance.py:1067} INFO - 
--------------------------------------------------------------------------------
[2021-07-02 14:40:45,515] {taskinstance.py:1068} INFO - Starting attempt 1 of 4
[2021-07-02 14:40:45,516] {taskinstance.py:1069} INFO - 
--------------------------------------------------------------------------------
[2021-07-02 14:40:45,638] {taskinstance.py:1087} INFO - Executing <Task(PythonOperator): reached_goals> on 2021-07-01T00:07:00+00:00
[2021-07-02 14:40:45,644] {standard_task_runner.py:52} INFO - Started process 62450 to run task
[2021-07-02 14:40:45,657] {standard_task_runner.py:76} INFO - Running: ['airflow', 'tasks', 'run', 'Fusemachines_Airflow_project', 'reached_goals', '2021-07-01T00:07:00+00:00', '--job-id', '111', '--pool', 'default_pool', '--raw', '--subdir', 'DAGS_FOLDER/dag.py', '--cfg-path', '/tmp/tmplkfkk5za', '--error-file', '/tmp/tmphw0qv0jm']
[2021-07-02 14:40:45,659] {standard_task_runner.py:77} INFO - Job 111: Subtask reached_goals
[2021-07-02 14:40:45,846] {logging_mixin.py:104} INFO - Running <TaskInstance: Fusemachines_Airflow_project.reached_goals 2021-07-01T00:07:00+00:00 [running]> on host deepika-Inspiron-5570
[2021-07-02 14:40:46,942] {taskinstance.py:1280} INFO - Exporting the following env vars:
AIRFLOW_CTX_DAG_EMAIL=sthadpka93@gmail.com
AIRFLOW_CTX_DAG_OWNER=postgres
AIRFLOW_CTX_DAG_ID=Fusemachines_Airflow_project
AIRFLOW_CTX_TASK_ID=reached_goals
AIRFLOW_CTX_EXECUTION_DATE=2021-07-01T00:07:00+00:00
AIRFLOW_CTX_DAG_RUN_ID=scheduled__2021-07-01T00:07:00+00:00
[2021-07-02 14:40:52,323] {python.py:151} INFO - Done. Returned value was: None
[2021-07-02 14:40:52,327] {taskinstance.py:1184} INFO - Marking task as SUCCESS. dag_id=Fusemachines_Airflow_project, task_id=reached_goals, execution_date=20210701T000700, start_date=20210702T085545, end_date=20210702T085552
[2021-07-02 14:40:52,440] {taskinstance.py:1245} INFO - 0 downstream tasks scheduled from follow-on schedule check
[2021-07-02 14:40:52,474] {local_task_job.py:151} INFO - Task exited with return code 0
