[2021-07-02 14:34:50,127] {taskinstance.py:866} INFO - Dependencies not met for <TaskInstance: Fusemachines_Airflow_project.most_projects_category 2021-07-01T00:04:00+00:00 [up_for_retry]>, dependency 'Not In Retry Period' FAILED: Task is not ready for retry yet but will be retried automatically. Current date is 2021-07-02T08:49:50.127163+00:00 and task will be retried at 2021-07-02T08:54:39.640303+00:00.
[2021-07-02 14:34:50,137] {local_task_job.py:98} INFO - Task is not able to be run
[2021-07-02 14:41:02,759] {taskinstance.py:876} INFO - Dependencies all met for <TaskInstance: Fusemachines_Airflow_project.most_projects_category 2021-07-01T00:04:00+00:00 [None]>
[2021-07-02 14:41:02,771] {taskinstance.py:876} INFO - Dependencies all met for <TaskInstance: Fusemachines_Airflow_project.most_projects_category 2021-07-01T00:04:00+00:00 [None]>
[2021-07-02 14:41:02,771] {taskinstance.py:1067} INFO - 
--------------------------------------------------------------------------------
[2021-07-02 14:41:02,771] {taskinstance.py:1068} INFO - Starting attempt 2 of 4
[2021-07-02 14:41:02,771] {taskinstance.py:1069} INFO - 
--------------------------------------------------------------------------------
[2021-07-02 14:41:02,847] {taskinstance.py:1087} INFO - Executing <Task(PythonOperator): most_projects_category> on 2021-07-01T00:04:00+00:00
[2021-07-02 14:41:02,853] {standard_task_runner.py:52} INFO - Started process 62702 to run task
[2021-07-02 14:41:02,866] {standard_task_runner.py:76} INFO - Running: ['airflow', 'tasks', 'run', 'Fusemachines_Airflow_project', 'most_projects_category', '2021-07-01T00:04:00+00:00', '--job-id', '112', '--pool', 'default_pool', '--raw', '--subdir', 'DAGS_FOLDER/dag.py', '--cfg-path', '/tmp/tmpst1lmwqv', '--error-file', '/tmp/tmp0xt3em8q']
[2021-07-02 14:41:02,867] {standard_task_runner.py:77} INFO - Job 112: Subtask most_projects_category
[2021-07-02 14:41:03,097] {logging_mixin.py:104} INFO - Running <TaskInstance: Fusemachines_Airflow_project.most_projects_category 2021-07-01T00:04:00+00:00 [running]> on host deepika-Inspiron-5570
[2021-07-02 14:41:03,208] {taskinstance.py:1280} INFO - Exporting the following env vars:
AIRFLOW_CTX_DAG_EMAIL=sthadpka93@gmail.com
AIRFLOW_CTX_DAG_OWNER=postgres
AIRFLOW_CTX_DAG_ID=Fusemachines_Airflow_project
AIRFLOW_CTX_TASK_ID=most_projects_category
AIRFLOW_CTX_EXECUTION_DATE=2021-07-01T00:04:00+00:00
AIRFLOW_CTX_DAG_RUN_ID=scheduled__2021-07-01T00:04:00+00:00
[2021-07-02 14:41:12,738] {python.py:151} INFO - Done. Returned value was: None
[2021-07-02 14:41:12,741] {taskinstance.py:1184} INFO - Marking task as SUCCESS. dag_id=Fusemachines_Airflow_project, task_id=most_projects_category, execution_date=20210701T000400, start_date=20210702T085602, end_date=20210702T085612
[2021-07-02 14:41:12,896] {taskinstance.py:1245} INFO - 1 downstream tasks scheduled from follow-on schedule check
[2021-07-02 14:41:12,906] {local_task_job.py:151} INFO - Task exited with return code 0
