[2021-07-02 15:00:12,040] {taskinstance.py:876} INFO - Dependencies all met for <TaskInstance: Fusemachines_Airflow_project.reached_goals 2021-07-01T00:14:00+00:00 [queued]>
[2021-07-02 15:00:12,052] {taskinstance.py:876} INFO - Dependencies all met for <TaskInstance: Fusemachines_Airflow_project.reached_goals 2021-07-01T00:14:00+00:00 [queued]>
[2021-07-02 15:00:12,052] {taskinstance.py:1067} INFO - 
--------------------------------------------------------------------------------
[2021-07-02 15:00:12,052] {taskinstance.py:1068} INFO - Starting attempt 3 of 4
[2021-07-02 15:00:12,052] {taskinstance.py:1069} INFO - 
--------------------------------------------------------------------------------
[2021-07-02 15:00:12,185] {taskinstance.py:1087} INFO - Executing <Task(PythonOperator): reached_goals> on 2021-07-01T00:14:00+00:00
[2021-07-02 15:00:12,187] {standard_task_runner.py:52} INFO - Started process 87107 to run task
[2021-07-02 15:00:12,190] {standard_task_runner.py:76} INFO - Running: ['airflow', 'tasks', 'run', 'Fusemachines_Airflow_project', 'reached_goals', '2021-07-01T00:14:00+00:00', '--job-id', '187', '--pool', 'default_pool', '--raw', '--subdir', 'DAGS_FOLDER/dag.py', '--cfg-path', '/tmp/tmprfmxox36', '--error-file', '/tmp/tmpr80wq9xr']
[2021-07-02 15:00:12,191] {standard_task_runner.py:77} INFO - Job 187: Subtask reached_goals
[2021-07-02 15:00:12,304] {logging_mixin.py:104} INFO - Running <TaskInstance: Fusemachines_Airflow_project.reached_goals 2021-07-01T00:14:00+00:00 [running]> on host deepika-Inspiron-5570
[2021-07-02 15:00:12,560] {taskinstance.py:1280} INFO - Exporting the following env vars:
AIRFLOW_CTX_DAG_EMAIL=sthadpka93@gmail.com
AIRFLOW_CTX_DAG_OWNER=postgres
AIRFLOW_CTX_DAG_ID=Fusemachines_Airflow_project
AIRFLOW_CTX_TASK_ID=reached_goals
AIRFLOW_CTX_EXECUTION_DATE=2021-07-01T00:14:00+00:00
AIRFLOW_CTX_DAG_RUN_ID=scheduled__2021-07-01T00:14:00+00:00
[2021-07-02 15:00:20,913] {python.py:151} INFO - Done. Returned value was: None
[2021-07-02 15:00:20,917] {taskinstance.py:1184} INFO - Marking task as SUCCESS. dag_id=Fusemachines_Airflow_project, task_id=reached_goals, execution_date=20210701T001400, start_date=20210702T091512, end_date=20210702T091520
[2021-07-02 15:00:21,206] {taskinstance.py:1245} INFO - 1 downstream tasks scheduled from follow-on schedule check
[2021-07-02 15:00:21,214] {local_task_job.py:151} INFO - Task exited with return code 0
