[2021-07-02 14:57:51,600] {taskinstance.py:876} INFO - Dependencies all met for <TaskInstance: Fusemachines_Airflow_project.prevalent_projects 2021-07-01T00:15:00+00:00 [queued]>
[2021-07-02 14:57:51,614] {taskinstance.py:876} INFO - Dependencies all met for <TaskInstance: Fusemachines_Airflow_project.prevalent_projects 2021-07-01T00:15:00+00:00 [queued]>
[2021-07-02 14:57:51,614] {taskinstance.py:1067} INFO - 
--------------------------------------------------------------------------------
[2021-07-02 14:57:51,614] {taskinstance.py:1068} INFO - Starting attempt 1 of 4
[2021-07-02 14:57:51,614] {taskinstance.py:1069} INFO - 
--------------------------------------------------------------------------------
[2021-07-02 14:57:51,687] {taskinstance.py:1087} INFO - Executing <Task(PythonOperator): prevalent_projects> on 2021-07-01T00:15:00+00:00
[2021-07-02 14:57:51,691] {standard_task_runner.py:52} INFO - Started process 83913 to run task
[2021-07-02 14:57:51,695] {standard_task_runner.py:76} INFO - Running: ['airflow', 'tasks', 'run', 'Fusemachines_Airflow_project', 'prevalent_projects', '2021-07-01T00:15:00+00:00', '--job-id', '173', '--pool', 'default_pool', '--raw', '--subdir', 'DAGS_FOLDER/dag.py', '--cfg-path', '/tmp/tmpwqx2c6kc', '--error-file', '/tmp/tmp8pfyvu_z']
[2021-07-02 14:57:51,696] {standard_task_runner.py:77} INFO - Job 173: Subtask prevalent_projects
[2021-07-02 14:57:51,783] {logging_mixin.py:104} INFO - Running <TaskInstance: Fusemachines_Airflow_project.prevalent_projects 2021-07-01T00:15:00+00:00 [running]> on host deepika-Inspiron-5570
[2021-07-02 14:57:52,837] {taskinstance.py:1280} INFO - Exporting the following env vars:
AIRFLOW_CTX_DAG_EMAIL=sthadpka93@gmail.com
AIRFLOW_CTX_DAG_OWNER=postgres
AIRFLOW_CTX_DAG_ID=Fusemachines_Airflow_project
AIRFLOW_CTX_TASK_ID=prevalent_projects
AIRFLOW_CTX_EXECUTION_DATE=2021-07-01T00:15:00+00:00
AIRFLOW_CTX_DAG_RUN_ID=scheduled__2021-07-01T00:15:00+00:00
[2021-07-02 14:58:05,015] {python.py:151} INFO - Done. Returned value was: None
[2021-07-02 14:58:05,023] {taskinstance.py:1184} INFO - Marking task as SUCCESS. dag_id=Fusemachines_Airflow_project, task_id=prevalent_projects, execution_date=20210701T001500, start_date=20210702T091251, end_date=20210702T091305
[2021-07-02 14:58:05,198] {taskinstance.py:1245} INFO - 1 downstream tasks scheduled from follow-on schedule check
[2021-07-02 14:58:05,223] {local_task_job.py:151} INFO - Task exited with return code 0
