[2021-07-02 14:39:10,744] {taskinstance.py:876} INFO - Dependencies all met for <TaskInstance: Fusemachines_Airflow_project.projects_highest_goal 2021-07-01T00:12:00+00:00 [queued]>
[2021-07-02 14:39:10,774] {taskinstance.py:876} INFO - Dependencies all met for <TaskInstance: Fusemachines_Airflow_project.projects_highest_goal 2021-07-01T00:12:00+00:00 [queued]>
[2021-07-02 14:39:10,774] {taskinstance.py:1067} INFO - 
--------------------------------------------------------------------------------
[2021-07-02 14:39:10,775] {taskinstance.py:1068} INFO - Starting attempt 1 of 4
[2021-07-02 14:39:10,775] {taskinstance.py:1069} INFO - 
--------------------------------------------------------------------------------
[2021-07-02 14:39:10,895] {taskinstance.py:1087} INFO - Executing <Task(PythonOperator): projects_highest_goal> on 2021-07-01T00:12:00+00:00
[2021-07-02 14:39:10,898] {standard_task_runner.py:52} INFO - Started process 60496 to run task
[2021-07-02 14:39:10,904] {standard_task_runner.py:76} INFO - Running: ['airflow', 'tasks', 'run', 'Fusemachines_Airflow_project', 'projects_highest_goal', '2021-07-01T00:12:00+00:00', '--job-id', '105', '--pool', 'default_pool', '--raw', '--subdir', 'DAGS_FOLDER/dag.py', '--cfg-path', '/tmp/tmphm16quwi', '--error-file', '/tmp/tmpeugl_qh4']
[2021-07-02 14:39:10,905] {standard_task_runner.py:77} INFO - Job 105: Subtask projects_highest_goal
[2021-07-02 14:39:11,036] {logging_mixin.py:104} INFO - Running <TaskInstance: Fusemachines_Airflow_project.projects_highest_goal 2021-07-01T00:12:00+00:00 [running]> on host deepika-Inspiron-5570
[2021-07-02 14:39:12,071] {taskinstance.py:1280} INFO - Exporting the following env vars:
AIRFLOW_CTX_DAG_EMAIL=sthadpka93@gmail.com
AIRFLOW_CTX_DAG_OWNER=postgres
AIRFLOW_CTX_DAG_ID=Fusemachines_Airflow_project
AIRFLOW_CTX_TASK_ID=projects_highest_goal
AIRFLOW_CTX_EXECUTION_DATE=2021-07-01T00:12:00+00:00
AIRFLOW_CTX_DAG_RUN_ID=scheduled__2021-07-01T00:12:00+00:00
[2021-07-02 14:39:27,752] {python.py:151} INFO - Done. Returned value was: None
[2021-07-02 14:39:27,890] {taskinstance.py:1184} INFO - Marking task as SUCCESS. dag_id=Fusemachines_Airflow_project, task_id=projects_highest_goal, execution_date=20210701T001200, start_date=20210702T085410, end_date=20210702T085427
[2021-07-02 14:39:28,175] {taskinstance.py:1245} INFO - 0 downstream tasks scheduled from follow-on schedule check
[2021-07-02 14:39:28,198] {local_task_job.py:151} INFO - Task exited with return code 0
