[2021-07-02 14:30:57,180] {taskinstance.py:876} INFO - Dependencies all met for <TaskInstance: Fusemachines_Airflow_project.reached_goals 2021-07-01T00:04:00+00:00 [queued]>
[2021-07-02 14:30:57,403] {taskinstance.py:876} INFO - Dependencies all met for <TaskInstance: Fusemachines_Airflow_project.reached_goals 2021-07-01T00:04:00+00:00 [queued]>
[2021-07-02 14:30:57,404] {taskinstance.py:1067} INFO - 
--------------------------------------------------------------------------------
[2021-07-02 14:30:57,404] {taskinstance.py:1068} INFO - Starting attempt 1 of 4
[2021-07-02 14:30:57,404] {taskinstance.py:1069} INFO - 
--------------------------------------------------------------------------------
[2021-07-02 14:30:57,568] {taskinstance.py:1087} INFO - Executing <Task(PythonOperator): reached_goals> on 2021-07-01T00:04:00+00:00
[2021-07-02 14:30:57,574] {standard_task_runner.py:52} INFO - Started process 51067 to run task
[2021-07-02 14:30:57,586] {standard_task_runner.py:76} INFO - Running: ['airflow', 'tasks', 'run', 'Fusemachines_Airflow_project', 'reached_goals', '2021-07-01T00:04:00+00:00', '--job-id', '76', '--pool', 'default_pool', '--raw', '--subdir', 'DAGS_FOLDER/dag.py', '--cfg-path', '/tmp/tmpe0je_l15', '--error-file', '/tmp/tmpvtpbhhm5']
[2021-07-02 14:30:57,588] {standard_task_runner.py:77} INFO - Job 76: Subtask reached_goals
[2021-07-02 14:30:57,768] {logging_mixin.py:104} INFO - Running <TaskInstance: Fusemachines_Airflow_project.reached_goals 2021-07-01T00:04:00+00:00 [running]> on host deepika-Inspiron-5570
[2021-07-02 14:30:58,054] {taskinstance.py:1280} INFO - Exporting the following env vars:
AIRFLOW_CTX_DAG_EMAIL=sthadpka93@gmail.com
AIRFLOW_CTX_DAG_OWNER=postgres
AIRFLOW_CTX_DAG_ID=Fusemachines_Airflow_project
AIRFLOW_CTX_TASK_ID=reached_goals
AIRFLOW_CTX_EXECUTION_DATE=2021-07-01T00:04:00+00:00
AIRFLOW_CTX_DAG_RUN_ID=scheduled__2021-07-01T00:04:00+00:00
[2021-07-02 14:31:03,891] {python.py:151} INFO - Done. Returned value was: None
[2021-07-02 14:31:03,898] {taskinstance.py:1184} INFO - Marking task as SUCCESS. dag_id=Fusemachines_Airflow_project, task_id=reached_goals, execution_date=20210701T000400, start_date=20210702T084557, end_date=20210702T084603
[2021-07-02 14:31:04,831] {taskinstance.py:1245} INFO - 0 downstream tasks scheduled from follow-on schedule check
[2021-07-02 14:31:04,870] {local_task_job.py:151} INFO - Task exited with return code 0
