[2021-07-02 14:29:51,655] {taskinstance.py:876} INFO - Dependencies all met for <TaskInstance: Fusemachines_Airflow_project.least_projects 2021-07-01T00:10:00+00:00 [queued]>
[2021-07-02 14:29:51,671] {taskinstance.py:876} INFO - Dependencies all met for <TaskInstance: Fusemachines_Airflow_project.least_projects 2021-07-01T00:10:00+00:00 [queued]>
[2021-07-02 14:29:51,671] {taskinstance.py:1067} INFO - 
--------------------------------------------------------------------------------
[2021-07-02 14:29:51,671] {taskinstance.py:1068} INFO - Starting attempt 1 of 4
[2021-07-02 14:29:51,671] {taskinstance.py:1069} INFO - 
--------------------------------------------------------------------------------
[2021-07-02 14:29:51,791] {taskinstance.py:1087} INFO - Executing <Task(PythonOperator): least_projects> on 2021-07-01T00:10:00+00:00
[2021-07-02 14:29:51,795] {standard_task_runner.py:52} INFO - Started process 49926 to run task
[2021-07-02 14:29:51,806] {standard_task_runner.py:76} INFO - Running: ['airflow', 'tasks', 'run', 'Fusemachines_Airflow_project', 'least_projects', '2021-07-01T00:10:00+00:00', '--job-id', '73', '--pool', 'default_pool', '--raw', '--subdir', 'DAGS_FOLDER/dag.py', '--cfg-path', '/tmp/tmp1ofrt6ly', '--error-file', '/tmp/tmpsjm_dj_w']
[2021-07-02 14:29:51,807] {standard_task_runner.py:77} INFO - Job 73: Subtask least_projects
[2021-07-02 14:29:51,981] {logging_mixin.py:104} INFO - Running <TaskInstance: Fusemachines_Airflow_project.least_projects 2021-07-01T00:10:00+00:00 [running]> on host deepika-Inspiron-5570
[2021-07-02 14:29:52,157] {taskinstance.py:1280} INFO - Exporting the following env vars:
AIRFLOW_CTX_DAG_EMAIL=sthadpka93@gmail.com
AIRFLOW_CTX_DAG_OWNER=postgres
AIRFLOW_CTX_DAG_ID=Fusemachines_Airflow_project
AIRFLOW_CTX_TASK_ID=least_projects
AIRFLOW_CTX_EXECUTION_DATE=2021-07-01T00:10:00+00:00
AIRFLOW_CTX_DAG_RUN_ID=scheduled__2021-07-01T00:10:00+00:00
[2021-07-02 14:29:59,895] {python.py:151} INFO - Done. Returned value was: None
[2021-07-02 14:29:59,900] {taskinstance.py:1184} INFO - Marking task as SUCCESS. dag_id=Fusemachines_Airflow_project, task_id=least_projects, execution_date=20210701T001000, start_date=20210702T084451, end_date=20210702T084459
[2021-07-02 14:29:59,987] {taskinstance.py:1245} INFO - 0 downstream tasks scheduled from follow-on schedule check
[2021-07-02 14:29:59,998] {local_task_job.py:151} INFO - Task exited with return code 0
