[2021-07-02 13:54:46,229] {taskinstance.py:876} INFO - Dependencies all met for <TaskInstance: Fusemachines_Airflow_project.least_projects 2021-07-01T00:05:00+00:00 [queued]>
[2021-07-02 13:54:46,242] {taskinstance.py:876} INFO - Dependencies all met for <TaskInstance: Fusemachines_Airflow_project.least_projects 2021-07-01T00:05:00+00:00 [queued]>
[2021-07-02 13:54:46,242] {taskinstance.py:1067} INFO - 
--------------------------------------------------------------------------------
[2021-07-02 13:54:46,242] {taskinstance.py:1068} INFO - Starting attempt 1 of 4
[2021-07-02 13:54:46,242] {taskinstance.py:1069} INFO - 
--------------------------------------------------------------------------------
[2021-07-02 13:54:46,311] {taskinstance.py:1087} INFO - Executing <Task(PythonOperator): least_projects> on 2021-07-01T00:05:00+00:00
[2021-07-02 13:54:46,316] {standard_task_runner.py:52} INFO - Started process 35152 to run task
[2021-07-02 13:54:46,327] {standard_task_runner.py:76} INFO - Running: ['airflow', 'tasks', 'run', 'Fusemachines_Airflow_project', 'least_projects', '2021-07-01T00:05:00+00:00', '--job-id', '48', '--pool', 'default_pool', '--raw', '--subdir', 'DAGS_FOLDER/dag.py', '--cfg-path', '/tmp/tmps10_k80d', '--error-file', '/tmp/tmp_5a1f9ar']
[2021-07-02 13:54:46,328] {standard_task_runner.py:77} INFO - Job 48: Subtask least_projects
[2021-07-02 13:54:46,497] {logging_mixin.py:104} INFO - Running <TaskInstance: Fusemachines_Airflow_project.least_projects 2021-07-01T00:05:00+00:00 [running]> on host deepika-Inspiron-5570
[2021-07-02 13:54:48,027] {taskinstance.py:1280} INFO - Exporting the following env vars:
AIRFLOW_CTX_DAG_EMAIL=sthadpka93@gmail.com
AIRFLOW_CTX_DAG_OWNER=postgres
AIRFLOW_CTX_DAG_ID=Fusemachines_Airflow_project
AIRFLOW_CTX_TASK_ID=least_projects
AIRFLOW_CTX_EXECUTION_DATE=2021-07-01T00:05:00+00:00
AIRFLOW_CTX_DAG_RUN_ID=scheduled__2021-07-01T00:05:00+00:00
[2021-07-02 13:54:54,129] {python.py:151} INFO - Done. Returned value was: None
[2021-07-02 13:54:54,134] {taskinstance.py:1184} INFO - Marking task as SUCCESS. dag_id=Fusemachines_Airflow_project, task_id=least_projects, execution_date=20210701T000500, start_date=20210702T080946, end_date=20210702T080954
[2021-07-02 13:54:54,244] {taskinstance.py:1245} INFO - 0 downstream tasks scheduled from follow-on schedule check
[2021-07-02 13:54:54,268] {local_task_job.py:151} INFO - Task exited with return code 0
