[2021-07-02 14:51:46,515] {taskinstance.py:876} INFO - Dependencies all met for <TaskInstance: Fusemachines_Airflow_project.sucessful_category 2021-07-01T00:11:00+00:00 [queued]>
[2021-07-02 14:51:46,525] {taskinstance.py:876} INFO - Dependencies all met for <TaskInstance: Fusemachines_Airflow_project.sucessful_category 2021-07-01T00:11:00+00:00 [queued]>
[2021-07-02 14:51:46,525] {taskinstance.py:1067} INFO - 
--------------------------------------------------------------------------------
[2021-07-02 14:51:46,525] {taskinstance.py:1068} INFO - Starting attempt 1 of 4
[2021-07-02 14:51:46,525] {taskinstance.py:1069} INFO - 
--------------------------------------------------------------------------------
[2021-07-02 14:51:46,612] {taskinstance.py:1087} INFO - Executing <Task(PythonOperator): sucessful_category> on 2021-07-01T00:11:00+00:00
[2021-07-02 14:51:46,614] {standard_task_runner.py:52} INFO - Started process 75602 to run task
[2021-07-02 14:51:46,618] {standard_task_runner.py:76} INFO - Running: ['airflow', 'tasks', 'run', 'Fusemachines_Airflow_project', 'sucessful_category', '2021-07-01T00:11:00+00:00', '--job-id', '149', '--pool', 'default_pool', '--raw', '--subdir', 'DAGS_FOLDER/dag.py', '--cfg-path', '/tmp/tmp_45sj_x8', '--error-file', '/tmp/tmpeu0ccygu']
[2021-07-02 14:51:46,618] {standard_task_runner.py:77} INFO - Job 149: Subtask sucessful_category
[2021-07-02 14:51:46,771] {logging_mixin.py:104} INFO - Running <TaskInstance: Fusemachines_Airflow_project.sucessful_category 2021-07-01T00:11:00+00:00 [running]> on host deepika-Inspiron-5570
[2021-07-02 14:51:47,084] {taskinstance.py:1280} INFO - Exporting the following env vars:
AIRFLOW_CTX_DAG_EMAIL=sthadpka93@gmail.com
AIRFLOW_CTX_DAG_OWNER=postgres
AIRFLOW_CTX_DAG_ID=Fusemachines_Airflow_project
AIRFLOW_CTX_TASK_ID=sucessful_category
AIRFLOW_CTX_EXECUTION_DATE=2021-07-01T00:11:00+00:00
AIRFLOW_CTX_DAG_RUN_ID=scheduled__2021-07-01T00:11:00+00:00
[2021-07-02 14:52:03,335] {python.py:151} INFO - Done. Returned value was: None
[2021-07-02 14:52:03,341] {taskinstance.py:1184} INFO - Marking task as SUCCESS. dag_id=Fusemachines_Airflow_project, task_id=sucessful_category, execution_date=20210701T001100, start_date=20210702T090646, end_date=20210702T090703
[2021-07-02 14:52:04,203] {taskinstance.py:1245} INFO - 1 downstream tasks scheduled from follow-on schedule check
[2021-07-02 14:52:04,219] {local_task_job.py:151} INFO - Task exited with return code 0
