[2021-07-02 14:59:06,478] {taskinstance.py:876} INFO - Dependencies all met for <TaskInstance: Fusemachines_Airflow_project.year_with_max_fail 2021-07-01T00:05:00+00:00 [queued]>
[2021-07-02 14:59:06,491] {taskinstance.py:876} INFO - Dependencies all met for <TaskInstance: Fusemachines_Airflow_project.year_with_max_fail 2021-07-01T00:05:00+00:00 [queued]>
[2021-07-02 14:59:06,491] {taskinstance.py:1067} INFO - 
--------------------------------------------------------------------------------
[2021-07-02 14:59:06,491] {taskinstance.py:1068} INFO - Starting attempt 1 of 4
[2021-07-02 14:59:06,491] {taskinstance.py:1069} INFO - 
--------------------------------------------------------------------------------
[2021-07-02 14:59:07,700] {taskinstance.py:1087} INFO - Executing <Task(PythonOperator): year_with_max_fail> on 2021-07-01T00:05:00+00:00
[2021-07-02 14:59:07,702] {standard_task_runner.py:52} INFO - Started process 85722 to run task
[2021-07-02 14:59:07,706] {standard_task_runner.py:76} INFO - Running: ['airflow', 'tasks', 'run', 'Fusemachines_Airflow_project', 'year_with_max_fail', '2021-07-01T00:05:00+00:00', '--job-id', '180', '--pool', 'default_pool', '--raw', '--subdir', 'DAGS_FOLDER/dag.py', '--cfg-path', '/tmp/tmpbbxb4a2s', '--error-file', '/tmp/tmppssgq7ka']
[2021-07-02 14:59:07,706] {standard_task_runner.py:77} INFO - Job 180: Subtask year_with_max_fail
[2021-07-02 14:59:08,719] {logging_mixin.py:104} INFO - Running <TaskInstance: Fusemachines_Airflow_project.year_with_max_fail 2021-07-01T00:05:00+00:00 [running]> on host deepika-Inspiron-5570
[2021-07-02 14:59:08,937] {taskinstance.py:1280} INFO - Exporting the following env vars:
AIRFLOW_CTX_DAG_EMAIL=sthadpka93@gmail.com
AIRFLOW_CTX_DAG_OWNER=postgres
AIRFLOW_CTX_DAG_ID=Fusemachines_Airflow_project
AIRFLOW_CTX_TASK_ID=year_with_max_fail
AIRFLOW_CTX_EXECUTION_DATE=2021-07-01T00:05:00+00:00
AIRFLOW_CTX_DAG_RUN_ID=scheduled__2021-07-01T00:05:00+00:00
[2021-07-02 14:59:13,312] {python.py:151} INFO - Done. Returned value was: None
[2021-07-02 14:59:13,321] {taskinstance.py:1184} INFO - Marking task as SUCCESS. dag_id=Fusemachines_Airflow_project, task_id=year_with_max_fail, execution_date=20210701T000500, start_date=20210702T091406, end_date=20210702T091413
[2021-07-02 14:59:13,575] {taskinstance.py:1245} INFO - 1 downstream tasks scheduled from follow-on schedule check
[2021-07-02 14:59:13,601] {local_task_job.py:151} INFO - Task exited with return code 0
