[2021-07-02 14:43:54,906] {taskinstance.py:876} INFO - Dependencies all met for <TaskInstance: Fusemachines_Airflow_project.sucessful_category 2021-07-01T00:04:00+00:00 [queued]>
[2021-07-02 14:43:54,922] {taskinstance.py:876} INFO - Dependencies all met for <TaskInstance: Fusemachines_Airflow_project.sucessful_category 2021-07-01T00:04:00+00:00 [queued]>
[2021-07-02 14:43:54,922] {taskinstance.py:1067} INFO - 
--------------------------------------------------------------------------------
[2021-07-02 14:43:54,922] {taskinstance.py:1068} INFO - Starting attempt 1 of 4
[2021-07-02 14:43:54,922] {taskinstance.py:1069} INFO - 
--------------------------------------------------------------------------------
[2021-07-02 14:43:55,477] {taskinstance.py:1087} INFO - Executing <Task(PythonOperator): sucessful_category> on 2021-07-01T00:04:00+00:00
[2021-07-02 14:43:55,480] {standard_task_runner.py:52} INFO - Started process 65202 to run task
[2021-07-02 14:43:55,488] {standard_task_runner.py:76} INFO - Running: ['airflow', 'tasks', 'run', 'Fusemachines_Airflow_project', 'sucessful_category', '2021-07-01T00:04:00+00:00', '--job-id', '118', '--pool', 'default_pool', '--raw', '--subdir', 'DAGS_FOLDER/dag.py', '--cfg-path', '/tmp/tmpppsge89f', '--error-file', '/tmp/tmppnnn92os']
[2021-07-02 14:43:55,489] {standard_task_runner.py:77} INFO - Job 118: Subtask sucessful_category
[2021-07-02 14:43:55,599] {logging_mixin.py:104} INFO - Running <TaskInstance: Fusemachines_Airflow_project.sucessful_category 2021-07-01T00:04:00+00:00 [running]> on host deepika-Inspiron-5570
[2021-07-02 14:43:55,895] {taskinstance.py:1280} INFO - Exporting the following env vars:
AIRFLOW_CTX_DAG_EMAIL=sthadpka93@gmail.com
AIRFLOW_CTX_DAG_OWNER=postgres
AIRFLOW_CTX_DAG_ID=Fusemachines_Airflow_project
AIRFLOW_CTX_TASK_ID=sucessful_category
AIRFLOW_CTX_EXECUTION_DATE=2021-07-01T00:04:00+00:00
AIRFLOW_CTX_DAG_RUN_ID=scheduled__2021-07-01T00:04:00+00:00
[2021-07-02 14:44:14,742] {python.py:151} INFO - Done. Returned value was: None
[2021-07-02 14:44:14,751] {taskinstance.py:1184} INFO - Marking task as SUCCESS. dag_id=Fusemachines_Airflow_project, task_id=sucessful_category, execution_date=20210701T000400, start_date=20210702T085854, end_date=20210702T085914
[2021-07-02 14:44:15,201] {taskinstance.py:1245} INFO - 1 downstream tasks scheduled from follow-on schedule check
[2021-07-02 14:44:15,228] {local_task_job.py:151} INFO - Task exited with return code 0
